[KeOps] Warning : CUDA libraries not found or could not be loaded; Switching to CPU only.
Loading 20newsgroups test data...
Loading cached embeddings from ../data/newsgroups_cache/newsgroups_test_maxlen512_valsplit0.2_distilbert-base-uncased.pkl
D[0,0,0]=1000000000.0, D[0,1,0]=1000000000.0

=== Sample 0 ===
True: rec.autos | Pred: sci.space
Graph stats: 30 nodes, 10 edges
Top hubs: [('<bos>', 4), ('I', 4), ('▁am', 4), ('▁a', 4), ('▁little', 4)]
Strongest edges: ['<bos>↔I (1.000)', '<bos>↔▁am (1.000)', '<bos>↔▁a (1.000)', '<bos>↔▁little (1.000)', 'I↔▁am (1.000)']
D[0,0,0]=1000000000.0, D[0,1,0]=1000000000.0

=== Sample 1 ===
True: comp.windows.x | Pred: sci.space
Graph stats: 30 nodes, 10 edges
Top hubs: [('<bos>', 4), ('I', 4), ("'", 4), ('m', 4), ('▁not', 4)]
Strongest edges: ['<bos>↔I (1.000)', "<bos>↔' (1.000)", '<bos>↔m (1.000)', '<bos>↔▁not (1.000)', "I↔' (1.000)"]
D[0,0,0]=1000000000.0, D[0,1,0]=1000000000.0

=== Sample 2 ===
True: alt.atheism | Pred: rec.sport.hockey
Graph stats: 8 nodes, 0 edges
Top hubs: [('<bos>', 0), ('\n', 0), ('In', 0), ('▁a', 0), ('▁word', 0)]
D[0,0,0]=1000000000.0, D[0,1,0]=1000000000.0

=== Sample 3 ===
True: talk.politics.mideast | Pred: sci.space
Graph stats: 30 nodes, 10 edges
Top hubs: [('<bos>', 4), ('\n', 4), ('They', 4), ('▁were', 4), ('▁attacking', 4)]
Strongest edges: ['<bos>↔\n (1.000)', '<bos>↔They (1.000)', '<bos>↔▁were (1.000)', '<bos>↔▁attacking (1.000)', '\n↔They (1.000)']
D[0,0,0]=1000000000.0, D[0,1,0]=1000000000.0

=== Sample 4 ===
True: talk.religion.misc | Pred: rec.sport.hockey
Graph stats: 22 nodes, 0 edges
Top hubs: [('<bos>', 0), ('\n', 0), ('I', 0), ("'", 0), ('ve', 0)]
D[0,0,0]=1000000000.0, D[0,1,0]=1000000000.0
D[0,0,0]=1000000000.0, D[0,1,0]=1000000000.0
D[0,0,0]=1000000000.0, D[0,1,0]=1000000000.0
D[0,0,0]=1000000000.0, D[0,1,0]=1000000000.0
D[0,0,0]=1000000000.0, D[0,1,0]=1000000000.0
D[0,0,0]=1000000000.0, D[0,1,0]=1000000000.0
D[0,0,0]=1000000000.0, D[0,1,0]=1000000000.0
D[0,0,0]=1000000000.0, D[0,1,0]=1000000000.0
D[0,0,0]=1000000000.0, D[0,1,0]=1000000000.0
D[0,0,0]=1000000000.0, D[0,1,0]=1000000000.0
D[0,0,0]=1000000000.0, D[0,1,0]=1000000000.0
D[0,0,0]=1000000000.0, D[0,1,0]=1000000000.0
D[0,0,0]=1000000000.0, D[0,1,0]=1000000000.0
D[0,0,0]=1000000000.0, D[0,1,0]=1000000000.0
D[0,0,0]=1000000000.0, D[0,1,0]=1000000000.0
D[0,0,0]=1000000000.0, D[0,1,0]=1000000000.0
D[0,0,0]=1000000000.0, D[0,1,0]=1000000000.0
D[0,0,0]=1000000000.0, D[0,1,0]=1000000000.0
D[0,0,0]=1000000000.0, D[0,1,0]=1000000000.0
D[0,0,0]=1000000000.0, D[0,1,0]=1000000000.0
D[0,0,0]=1000000000.0, D[0,1,0]=1000000000.0
D[0,0,0]=1000000000.0, D[0,1,0]=1000000000.0
D[0,0,0]=1000000000.0, D[0,1,0]=1000000000.0
D[0,0,0]=1000000000.0, D[0,1,0]=1000000000.0
D[0,0,0]=1000000000.0, D[0,1,0]=1000000000.0
D[0,0,0]=1000000000.0, D[0,1,0]=1000000000.0
D[0,0,0]=1000000000.0, D[0,1,0]=1000000000.0
D[0,0,0]=1000000000.0, D[0,1,0]=1000000000.0
D[0,0,0]=1000000000.0, D[0,1,0]=1000000000.0
D[0,0,0]=1000000000.0, D[0,1,0]=1000000000.0
D[0,0,0]=1000000000.0, D[0,1,0]=1000000000.0
D[0,0,0]=1000000000.0, D[0,1,0]=1000000000.0
D[0,0,0]=1000000000.0, D[0,1,0]=1000000000.0
D[0,0,0]=1000000000.0, D[0,1,0]=1000000000.0
D[0,0,0]=1000000000.0, D[0,1,0]=1000000000.0
D[0,0,0]=1000000000.0, D[0,1,0]=1000000000.0
D[0,0,0]=1000000000.0, D[0,1,0]=1000000000.0
D[0,0,0]=1000000000.0, D[0,1,0]=1000000000.0
D[0,0,0]=1000000000.0, D[0,1,0]=1000000000.0
D[0,0,0]=1000000000.0, D[0,1,0]=1000000000.0
D[0,0,0]=1000000000.0, D[0,1,0]=1000000000.0
D[0,0,0]=1000000000.0, D[0,1,0]=1000000000.0
D[0,0,0]=1000000000.0, D[0,1,0]=1000000000.0
D[0,0,0]=1000000000.0, D[0,1,0]=1000000000.0
D[0,0,0]=1000000000.0, D[0,1,0]=1000000000.0
D[0,0,0]=1000000000.0, D[0,1,0]=1000000000.0
D[0,0,0]=1000000000.0, D[0,1,0]=1000000000.0
D[0,0,0]=1000000000.0, D[0,1,0]=1000000000.0
D[0,0,0]=1000000000.0, D[0,1,0]=1000000000.0
D[0,0,0]=1000000000.0, D[0,1,0]=1000000000.0
Sample 0 top tokens: ['8', '▁you', '▁other', 'ably', '▁are']
D[0,0,0]=1000000000.0, D[0,1,0]=1000000000.0
D[0,0,0]=1000000000.0, D[0,1,0]=1000000000.0
D[0,0,0]=1000000000.0, D[0,1,0]=1000000000.0
D[0,0,0]=1000000000.0, D[0,1,0]=1000000000.0
D[0,0,0]=1000000000.0, D[0,1,0]=1000000000.0
D[0,0,0]=1000000000.0, D[0,1,0]=1000000000.0
D[0,0,0]=1000000000.0, D[0,1,0]=1000000000.0
D[0,0,0]=1000000000.0, D[0,1,0]=1000000000.0
D[0,0,0]=1000000000.0, D[0,1,0]=1000000000.0
D[0,0,0]=1000000000.0, D[0,1,0]=1000000000.0
D[0,0,0]=1000000000.0, D[0,1,0]=1000000000.0
D[0,0,0]=1000000000.0, D[0,1,0]=1000000000.0
D[0,0,0]=1000000000.0, D[0,1,0]=1000000000.0
D[0,0,0]=1000000000.0, D[0,1,0]=1000000000.0
D[0,0,0]=1000000000.0, D[0,1,0]=1000000000.0
D[0,0,0]=1000000000.0, D[0,1,0]=1000000000.0
D[0,0,0]=1000000000.0, D[0,1,0]=1000000000.0
D[0,0,0]=1000000000.0, D[0,1,0]=1000000000.0
D[0,0,0]=1000000000.0, D[0,1,0]=1000000000.0
D[0,0,0]=1000000000.0, D[0,1,0]=1000000000.0
D[0,0,0]=1000000000.0, D[0,1,0]=1000000000.0
D[0,0,0]=1000000000.0, D[0,1,0]=1000000000.0
D[0,0,0]=1000000000.0, D[0,1,0]=1000000000.0
D[0,0,0]=1000000000.0, D[0,1,0]=1000000000.0
D[0,0,0]=1000000000.0, D[0,1,0]=1000000000.0
D[0,0,0]=1000000000.0, D[0,1,0]=1000000000.0
D[0,0,0]=1000000000.0, D[0,1,0]=1000000000.0
D[0,0,0]=1000000000.0, D[0,1,0]=1000000000.0
D[0,0,0]=1000000000.0, D[0,1,0]=1000000000.0
D[0,0,0]=1000000000.0, D[0,1,0]=1000000000.0
D[0,0,0]=1000000000.0, D[0,1,0]=1000000000.0
D[0,0,0]=1000000000.0, D[0,1,0]=1000000000.0
D[0,0,0]=1000000000.0, D[0,1,0]=1000000000.0
D[0,0,0]=1000000000.0, D[0,1,0]=1000000000.0
D[0,0,0]=1000000000.0, D[0,1,0]=1000000000.0
D[0,0,0]=1000000000.0, D[0,1,0]=1000000000.0
D[0,0,0]=1000000000.0, D[0,1,0]=1000000000.0
D[0,0,0]=1000000000.0, D[0,1,0]=1000000000.0
D[0,0,0]=1000000000.0, D[0,1,0]=1000000000.0
D[0,0,0]=1000000000.0, D[0,1,0]=1000000000.0
D[0,0,0]=1000000000.0, D[0,1,0]=1000000000.0
D[0,0,0]=1000000000.0, D[0,1,0]=1000000000.0
D[0,0,0]=1000000000.0, D[0,1,0]=1000000000.0
D[0,0,0]=1000000000.0, D[0,1,0]=1000000000.0
D[0,0,0]=1000000000.0, D[0,1,0]=1000000000.0
D[0,0,0]=1000000000.0, D[0,1,0]=1000000000.0
D[0,0,0]=1000000000.0, D[0,1,0]=1000000000.0
D[0,0,0]=1000000000.0, D[0,1,0]=1000000000.0
D[0,0,0]=1000000000.0, D[0,1,0]=1000000000.0
D[0,0,0]=1000000000.0, D[0,1,0]=1000000000.0
Sample 1 top tokens: ['▁in', '▁all', '\n\n', '▁I', '-']
D[0,0,0]=1000000000.0, D[0,1,0]=1000000000.0
D[0,0,0]=1000000000.0, D[0,1,0]=1000000000.0
D[0,0,0]=1000000000.0, D[0,1,0]=1000000000.0
D[0,0,0]=1000000000.0, D[0,1,0]=1000000000.0
D[0,0,0]=1000000000.0, D[0,1,0]=1000000000.0
D[0,0,0]=1000000000.0, D[0,1,0]=1000000000.0
D[0,0,0]=1000000000.0, D[0,1,0]=1000000000.0
D[0,0,0]=1000000000.0, D[0,1,0]=1000000000.0
D[0,0,0]=1000000000.0, D[0,1,0]=1000000000.0
D[0,0,0]=1000000000.0, D[0,1,0]=1000000000.0
D[0,0,0]=1000000000.0, D[0,1,0]=1000000000.0
D[0,0,0]=1000000000.0, D[0,1,0]=1000000000.0
D[0,0,0]=1000000000.0, D[0,1,0]=1000000000.0
D[0,0,0]=1000000000.0, D[0,1,0]=1000000000.0
D[0,0,0]=1000000000.0, D[0,1,0]=1000000000.0
D[0,0,0]=1000000000.0, D[0,1,0]=1000000000.0
D[0,0,0]=1000000000.0, D[0,1,0]=1000000000.0
D[0,0,0]=1000000000.0, D[0,1,0]=1000000000.0
D[0,0,0]=1000000000.0, D[0,1,0]=1000000000.0
D[0,0,0]=1000000000.0, D[0,1,0]=1000000000.0
D[0,0,0]=1000000000.0, D[0,1,0]=1000000000.0
D[0,0,0]=1000000000.0, D[0,1,0]=1000000000.0
D[0,0,0]=1000000000.0, D[0,1,0]=1000000000.0
D[0,0,0]=1000000000.0, D[0,1,0]=1000000000.0
D[0,0,0]=1000000000.0, D[0,1,0]=1000000000.0
D[0,0,0]=1000000000.0, D[0,1,0]=1000000000.0
D[0,0,0]=1000000000.0, D[0,1,0]=1000000000.0
D[0,0,0]=1000000000.0, D[0,1,0]=1000000000.0
D[0,0,0]=1000000000.0, D[0,1,0]=1000000000.0
D[0,0,0]=1000000000.0, D[0,1,0]=1000000000.0
D[0,0,0]=1000000000.0, D[0,1,0]=1000000000.0
D[0,0,0]=1000000000.0, D[0,1,0]=1000000000.0
D[0,0,0]=1000000000.0, D[0,1,0]=1000000000.0
D[0,0,0]=1000000000.0, D[0,1,0]=1000000000.0
D[0,0,0]=1000000000.0, D[0,1,0]=1000000000.0
D[0,0,0]=1000000000.0, D[0,1,0]=1000000000.0
D[0,0,0]=1000000000.0, D[0,1,0]=1000000000.0
D[0,0,0]=1000000000.0, D[0,1,0]=1000000000.0
D[0,0,0]=1000000000.0, D[0,1,0]=1000000000.0
D[0,0,0]=1000000000.0, D[0,1,0]=1000000000.0
D[0,0,0]=1000000000.0, D[0,1,0]=1000000000.0
D[0,0,0]=1000000000.0, D[0,1,0]=1000000000.0
D[0,0,0]=1000000000.0, D[0,1,0]=1000000000.0
D[0,0,0]=1000000000.0, D[0,1,0]=1000000000.0
D[0,0,0]=1000000000.0, D[0,1,0]=1000000000.0
D[0,0,0]=1000000000.0, D[0,1,0]=1000000000.0
D[0,0,0]=1000000000.0, D[0,1,0]=1000000000.0
D[0,0,0]=1000000000.0, D[0,1,0]=1000000000.0
D[0,0,0]=1000000000.0, D[0,1,0]=1000000000.0
D[0,0,0]=1000000000.0, D[0,1,0]=1000000000.0
Sample 2 top tokens: ['▁yes', '.', ',', 'In', '▁a']
D[0,0,0]=1000000000.0, D[0,1,0]=1000000000.0
D[0,0,0]=1000000000.0, D[0,1,0]=1000000000.0
D[0,0,0]=1000000000.0, D[0,1,0]=1000000000.0
D[0,0,0]=1000000000.0, D[0,1,0]=1000000000.0
D[0,0,0]=1000000000.0, D[0,1,0]=1000000000.0
D[0,0,0]=1000000000.0, D[0,1,0]=1000000000.0
D[0,0,0]=1000000000.0, D[0,1,0]=1000000000.0
D[0,0,0]=1000000000.0, D[0,1,0]=1000000000.0
D[0,0,0]=1000000000.0, D[0,1,0]=1000000000.0
D[0,0,0]=1000000000.0, D[0,1,0]=1000000000.0
D[0,0,0]=1000000000.0, D[0,1,0]=1000000000.0
D[0,0,0]=1000000000.0, D[0,1,0]=1000000000.0
D[0,0,0]=1000000000.0, D[0,1,0]=1000000000.0
D[0,0,0]=1000000000.0, D[0,1,0]=1000000000.0
D[0,0,0]=1000000000.0, D[0,1,0]=1000000000.0
D[0,0,0]=1000000000.0, D[0,1,0]=1000000000.0
D[0,0,0]=1000000000.0, D[0,1,0]=1000000000.0
D[0,0,0]=1000000000.0, D[0,1,0]=1000000000.0
D[0,0,0]=1000000000.0, D[0,1,0]=1000000000.0
D[0,0,0]=1000000000.0, D[0,1,0]=1000000000.0
D[0,0,0]=1000000000.0, D[0,1,0]=1000000000.0
D[0,0,0]=1000000000.0, D[0,1,0]=1000000000.0
D[0,0,0]=1000000000.0, D[0,1,0]=1000000000.0
D[0,0,0]=1000000000.0, D[0,1,0]=1000000000.0
D[0,0,0]=1000000000.0, D[0,1,0]=1000000000.0
D[0,0,0]=1000000000.0, D[0,1,0]=1000000000.0
D[0,0,0]=1000000000.0, D[0,1,0]=1000000000.0
D[0,0,0]=1000000000.0, D[0,1,0]=1000000000.0
D[0,0,0]=1000000000.0, D[0,1,0]=1000000000.0
D[0,0,0]=1000000000.0, D[0,1,0]=1000000000.0
D[0,0,0]=1000000000.0, D[0,1,0]=1000000000.0
D[0,0,0]=1000000000.0, D[0,1,0]=1000000000.0
D[0,0,0]=1000000000.0, D[0,1,0]=1000000000.0
D[0,0,0]=1000000000.0, D[0,1,0]=1000000000.0
D[0,0,0]=1000000000.0, D[0,1,0]=1000000000.0
D[0,0,0]=1000000000.0, D[0,1,0]=1000000000.0
D[0,0,0]=1000000000.0, D[0,1,0]=1000000000.0
D[0,0,0]=1000000000.0, D[0,1,0]=1000000000.0
D[0,0,0]=1000000000.0, D[0,1,0]=1000000000.0
D[0,0,0]=1000000000.0, D[0,1,0]=1000000000.0
D[0,0,0]=1000000000.0, D[0,1,0]=1000000000.0
D[0,0,0]=1000000000.0, D[0,1,0]=1000000000.0
D[0,0,0]=1000000000.0, D[0,1,0]=1000000000.0
D[0,0,0]=1000000000.0, D[0,1,0]=1000000000.0
D[0,0,0]=1000000000.0, D[0,1,0]=1000000000.0
D[0,0,0]=1000000000.0, D[0,1,0]=1000000000.0
D[0,0,0]=1000000000.0, D[0,1,0]=1000000000.0
D[0,0,0]=1000000000.0, D[0,1,0]=1000000000.0
D[0,0,0]=1000000000.0, D[0,1,0]=1000000000.0
D[0,0,0]=1000000000.0, D[0,1,0]=1000000000.0
Sample 3 top tokens: ['▁that', '▁severe', '▁called', '▁the', '▁punishment']
D[0,0,0]=1000000000.0, D[0,1,0]=1000000000.0
D[0,0,0]=1000000000.0, D[0,1,0]=1000000000.0
D[0,0,0]=1000000000.0, D[0,1,0]=1000000000.0
D[0,0,0]=1000000000.0, D[0,1,0]=1000000000.0
D[0,0,0]=1000000000.0, D[0,1,0]=1000000000.0
D[0,0,0]=1000000000.0, D[0,1,0]=1000000000.0
D[0,0,0]=1000000000.0, D[0,1,0]=1000000000.0
D[0,0,0]=1000000000.0, D[0,1,0]=1000000000.0
D[0,0,0]=1000000000.0, D[0,1,0]=1000000000.0
D[0,0,0]=1000000000.0, D[0,1,0]=1000000000.0
D[0,0,0]=1000000000.0, D[0,1,0]=1000000000.0
D[0,0,0]=1000000000.0, D[0,1,0]=1000000000.0
D[0,0,0]=1000000000.0, D[0,1,0]=1000000000.0
D[0,0,0]=1000000000.0, D[0,1,0]=1000000000.0
D[0,0,0]=1000000000.0, D[0,1,0]=1000000000.0
D[0,0,0]=1000000000.0, D[0,1,0]=1000000000.0
D[0,0,0]=1000000000.0, D[0,1,0]=1000000000.0
D[0,0,0]=1000000000.0, D[0,1,0]=1000000000.0
D[0,0,0]=1000000000.0, D[0,1,0]=1000000000.0
D[0,0,0]=1000000000.0, D[0,1,0]=1000000000.0
D[0,0,0]=1000000000.0, D[0,1,0]=1000000000.0
D[0,0,0]=1000000000.0, D[0,1,0]=1000000000.0
D[0,0,0]=1000000000.0, D[0,1,0]=1000000000.0
D[0,0,0]=1000000000.0, D[0,1,0]=1000000000.0
D[0,0,0]=1000000000.0, D[0,1,0]=1000000000.0
D[0,0,0]=1000000000.0, D[0,1,0]=1000000000.0
D[0,0,0]=1000000000.0, D[0,1,0]=1000000000.0
D[0,0,0]=1000000000.0, D[0,1,0]=1000000000.0
D[0,0,0]=1000000000.0, D[0,1,0]=1000000000.0
D[0,0,0]=1000000000.0, D[0,1,0]=1000000000.0
D[0,0,0]=1000000000.0, D[0,1,0]=1000000000.0
D[0,0,0]=1000000000.0, D[0,1,0]=1000000000.0
D[0,0,0]=1000000000.0, D[0,1,0]=1000000000.0
D[0,0,0]=1000000000.0, D[0,1,0]=1000000000.0
D[0,0,0]=1000000000.0, D[0,1,0]=1000000000.0
D[0,0,0]=1000000000.0, D[0,1,0]=1000000000.0
D[0,0,0]=1000000000.0, D[0,1,0]=1000000000.0
D[0,0,0]=1000000000.0, D[0,1,0]=1000000000.0
D[0,0,0]=1000000000.0, D[0,1,0]=1000000000.0
D[0,0,0]=1000000000.0, D[0,1,0]=1000000000.0
D[0,0,0]=1000000000.0, D[0,1,0]=1000000000.0
D[0,0,0]=1000000000.0, D[0,1,0]=1000000000.0
D[0,0,0]=1000000000.0, D[0,1,0]=1000000000.0
D[0,0,0]=1000000000.0, D[0,1,0]=1000000000.0
D[0,0,0]=1000000000.0, D[0,1,0]=1000000000.0
D[0,0,0]=1000000000.0, D[0,1,0]=1000000000.0
D[0,0,0]=1000000000.0, D[0,1,0]=1000000000.0
D[0,0,0]=1000000000.0, D[0,1,0]=1000000000.0
D[0,0,0]=1000000000.0, D[0,1,0]=1000000000.0
D[0,0,0]=1000000000.0, D[0,1,0]=1000000000.0
Sample 4 top tokens: ['▁exists', '▁arguing', '▁thing', '▁moral', '▁no']

============================= JOB FEEDBACK =============================

NodeName=uc2n566
Job ID: 3011944
Cluster: uc3
User/Group: ka_ufszm/ka_stud
State: COMPLETED (exit code 0)
Nodes: 1
Cores per node: 16
CPU Utilized: 00:00:53
CPU Efficiency: 2.33% of 00:37:52 core-walltime
Job Wall-clock time: 00:02:22
Memory Utilized: 25.43 GB
Memory Efficiency: 20.43% of 124.51 GB (124.51 GB/node)
