[KeOps] Warning : CUDA libraries not found or could not be loaded; Switching to CPU only.
Loading 20newsgroups test data...
Loading cached embeddings from ../data/newsgroups_cache/newsgroups_test_maxlen512_valsplit0.2_distilbert-base-uncased.pkl

=== Sample 0 ===
True: rec.autos | Pred: rec.motorcycles
Graph stats: 30 nodes, 6 edges
Top hubs: [('I', 3), ('▁am', 3), ('▁a', 3), ('▁little', 3), ('<bos>', 0)]
Strongest edges: ['I↔▁am (1.000)', 'I↔▁a (1.000)', 'I↔▁little (1.000)', '▁am↔▁a (1.000)', '▁am↔▁little (1.000)']

=== Sample 1 ===
True: comp.windows.x | Pred: comp.windows.x
Graph stats: 30 nodes, 6 edges
Top hubs: [('I', 3), ("'", 3), ('m', 3), ('▁not', 3), ('<bos>', 0)]
Strongest edges: ["I↔' (1.000)", 'I↔m (1.000)', 'I↔▁not (1.000)', "'↔m (1.000)", "'↔▁not (1.000)"]

=== Sample 2 ===
True: alt.atheism | Pred: comp.graphics
Graph stats: 8 nodes, 0 edges
Top hubs: [('<bos>', 0), ('\n', 0), ('In', 0), ('▁a', 0), ('▁word', 0)]

=== Sample 3 ===
True: talk.politics.mideast | Pred: sci.space
Graph stats: 30 nodes, 6 edges
Top hubs: [('\n', 3), ('They', 3), ('▁were', 3), ('▁attacking', 3), ('<bos>', 0)]
Strongest edges: ['\n↔They (1.000)', '\n↔▁were (1.000)', '\n↔▁attacking (1.000)', 'They↔▁were (1.000)', 'They↔▁attacking (1.000)']

=== Sample 4 ===
True: talk.religion.misc | Pred: sci.med
Graph stats: 22 nodes, 0 edges
Top hubs: [('<bos>', 0), ('\n', 0), ('I', 0), ("'", 0), ('ve', 0)]
Sample 0 top tokens: ['▁pref', '\n', '▁SSE', '▁demand', '▁you']
Sample 1 top tokens: ['▁but', '▁I', 't', '▁I', '▁it']
Sample 2 top tokens: ['.', '<bos>', '▁yes', ',', 'In']
Sample 3 top tokens: ['\n', 'rings', '▁called', '.', '▁fired']
Sample 4 top tokens: ['▁that', '▁as', '▁system', '▁exists', '\n']

============================= JOB FEEDBACK =============================

NodeName=uc2n565
Job ID: 3011522
Cluster: uc3
User/Group: ka_ufszm/ka_stud
State: COMPLETED (exit code 0)
Nodes: 1
Cores per node: 16
CPU Utilized: 00:00:41
CPU Efficiency: 2.02% of 00:33:52 core-walltime
Job Wall-clock time: 00:02:07
Memory Utilized: 25.39 GB
Memory Efficiency: 20.39% of 124.51 GB (124.51 GB/node)
