[KeOps] Warning : CUDA libraries not found or could not be loaded; Switching to CPU only.
Loading 20newsgroups train data...
Loading cached embeddings from ../data/newsgroups_cache/newsgroups_train_maxlen512_valsplit0.2_google_embeddinggemma-300m.pkl
Loading 20newsgroups train data...
Loading cached embeddings from ../data/newsgroups_cache/newsgroups_val_maxlen512_valsplit0.2_google_embeddinggemma-300m.pkl
Loading 20newsgroups test data...
Loading cached embeddings from ../data/newsgroups_cache/newsgroups_test_maxlen512_valsplit0.2_google_embeddinggemma-300m.pkl
Sanity Checking: |          | 0/? [00:00<?, ?it/s]Sanity Checking: |          | 0/? [00:00<?, ?it/s]Sanity Checking DataLoader 0:   0%|          | 0/2 [00:00<?, ?it/s]
============================= JOB FEEDBACK =============================

NodeName=uc2n562
Job ID: 3011113
Cluster: uc3
User/Group: ka_ufszm/ka_stud
State: FAILED (exit code 127)
Nodes: 1
Cores per node: 16
CPU Utilized: 00:01:04
CPU Efficiency: 3.20% of 00:33:20 core-walltime
Job Wall-clock time: 00:02:05
Memory Utilized: 40.88 GB
Memory Efficiency: 32.83% of 124.51 GB (124.51 GB/node)
