[KeOps] Warning : CUDA libraries not found or could not be loaded; Switching to CPU only.
Loading 20newsgroups train data...
Loading cached embeddings from ../data/newsgroups_cache/newsgroups_train_maxlen512_valsplit0.2_google_embeddinggemma-300m.pkl
Loading 20newsgroups train data...
Loading cached embeddings from ../data/newsgroups_cache/newsgroups_val_maxlen512_valsplit0.2_google_embeddinggemma-300m.pkl
Loading 20newsgroups test data...
Loading cached embeddings from ../data/newsgroups_cache/newsgroups_test_maxlen512_valsplit0.2_google_embeddinggemma-300m.pkl

============================= JOB FEEDBACK =============================

NodeName=uc2n562
Job ID: 3011430
Cluster: uc3
User/Group: ka_ufszm/ka_stud
State: FAILED (exit code 1)
Nodes: 1
Cores per node: 16
CPU Utilized: 00:01:06
CPU Efficiency: 2.99% of 00:36:48 core-walltime
Job Wall-clock time: 00:02:18
Memory Utilized: 43.09 GB
Memory Efficiency: 34.61% of 124.51 GB (124.51 GB/node)
