[KeOps] Warning : CUDA libraries not found or could not be loaded; Switching to CPU only.
Loading 20newsgroups test data...
Loading cached embeddings from ../data/newsgroups_cache/newsgroups_test_maxlen512_valsplit0.2_distilbert-base-uncased.pkl
Adj row 0 sum: 0.0
Adj col 0 sum: 0.0
Non-zero at pos 0: row=(array([], dtype=int64),), col=(array([], dtype=int64),)

=== Sample 0 ===
True: rec.autos | Pred: sci.space
Graph stats: 30 nodes, 10 edges
Top hubs: [('I', 4), ('▁am', 4), ('▁a', 4), ('▁little', 4), ('▁confused', 4)]
Strongest edges: ['I↔▁am (1.000)', 'I↔▁a (1.000)', 'I↔▁little (1.000)', 'I↔▁confused (1.000)', '▁am↔▁a (1.000)']
Adj row 0 sum: 0.0
Adj col 0 sum: 0.0
Non-zero at pos 0: row=(array([], dtype=int64),), col=(array([], dtype=int64),)

=== Sample 1 ===
True: comp.windows.x | Pred: sci.space
Graph stats: 30 nodes, 10 edges
Top hubs: [('I', 4), ("'", 4), ('m', 4), ('▁not', 4), ('▁familiar', 4)]
Strongest edges: ["I↔' (1.000)", 'I↔m (1.000)', 'I↔▁not (1.000)', 'I↔▁familiar (1.000)', "'↔m (1.000)"]
Adj row 0 sum: 0.0
Adj col 0 sum: 0.0
Non-zero at pos 0: row=(array([], dtype=int64),), col=(array([], dtype=int64),)

=== Sample 2 ===
True: alt.atheism | Pred: sci.space
Graph stats: 8 nodes, 10 edges
Top hubs: [('\n', 4), ('In', 4), ('▁a', 4), ('▁word', 4), (',', 4)]
Strongest edges: ['\n↔In (1.000)', '\n↔▁a (1.000)', '\n↔▁word (1.000)', '\n↔, (1.000)', 'In↔▁a (1.000)']
Adj row 0 sum: 0.0
Adj col 0 sum: 0.0
Non-zero at pos 0: row=(array([], dtype=int64),), col=(array([], dtype=int64),)

=== Sample 3 ===
True: talk.politics.mideast | Pred: sci.space
Graph stats: 30 nodes, 10 edges
Top hubs: [('\n', 4), ('They', 4), ('▁were', 4), ('▁attacking', 4), ('▁the', 4)]
Strongest edges: ['\n↔They (1.000)', '\n↔▁were (1.000)', '\n↔▁attacking (1.000)', '\n↔▁the (1.000)', 'They↔▁were (1.000)']
Adj row 0 sum: 0.0
Adj col 0 sum: 0.0
Non-zero at pos 0: row=(array([], dtype=int64),), col=(array([], dtype=int64),)

=== Sample 4 ===
True: talk.religion.misc | Pred: rec.sport.hockey
Graph stats: 22 nodes, 10 edges
Top hubs: [('\n', 4), ('I', 4), ("'", 4), ('ve', 4), ('▁just', 4)]
Strongest edges: ['\n↔I (1.000)', "\n↔' (1.000)", '\n↔ve (1.000)', '\n↔▁just (1.000)', "I↔' (1.000)"]
Sample 0 top tokens: ['8', '▁you', '▁other', 'ably', '▁are']
Sample 1 top tokens: ['▁in', '▁all', '\n\n', '▁I', '-']
Sample 2 top tokens: ['<bos>', '▁yes', '.', 'In', '▁a']
Sample 3 top tokens: ['▁that', '▁severe', '▁called', '▁the', '▁punishment']
Sample 4 top tokens: ['▁exists', '▁arguing', '▁thing', '▁moral', '▁no']

============================= JOB FEEDBACK =============================

NodeName=uc2n562
Job ID: 3012008
Cluster: uc3
User/Group: ka_ufszm/ka_stud
State: COMPLETED (exit code 0)
Nodes: 1
Cores per node: 16
CPU Utilized: 00:00:41
CPU Efficiency: 2.19% of 00:31:12 core-walltime
Job Wall-clock time: 00:01:57
Memory Utilized: 25.44 GB
Memory Efficiency: 20.43% of 124.51 GB (124.51 GB/node)
