[KeOps] Warning : CUDA libraries not found or could not be loaded; Switching to CPU only.
Loading 20newsgroups test data...
Loading cached embeddings from ../data/newsgroups_cache/newsgroups_test_maxlen512_valsplit0.2_distilbert-base-uncased.pkl

=== Sample 0 ===
True: rec.autos | Pred: sci.space
Num nodes: 112, Total edges in adj: 277
Graph stats: 112 nodes, 10 edges
Top 10 hubs: [('I', 4), ('▁am', 4), ('▁a', 4), ('▁little', 4), ('▁confused', 4), ('<bos>', 0), ('▁on', 0), ('▁all', 0), ('▁of', 0), ('▁the', 0)]
Top 10 edges: ['I↔▁am (1.000)', 'I↔▁a (1.000)', 'I↔▁little (1.000)', 'I↔▁confused (1.000)', '▁am↔▁a (1.000)', '▁am↔▁little (1.000)', '▁am↔▁confused (1.000)', '▁a↔▁little (1.000)', '▁a↔▁confused (1.000)', '▁little↔▁confused (1.000)']

=== Sample 1 ===
True: comp.windows.x | Pred: sci.space
Num nodes: 179, Total edges in adj: 445
Graph stats: 174 nodes, 10 edges
Top 10 hubs: [('I', 4), ("'", 4), ('m', 4), ('▁not', 4), ('▁familiar', 4), ('<bos>', 0), ('▁at', 0), ('▁all', 0), ('▁with', 0), ('▁the', 0)]
Top 10 edges: ["I↔' (1.000)", 'I↔m (1.000)', 'I↔▁not (1.000)', 'I↔▁familiar (1.000)', "'↔m (1.000)", "'↔▁not (1.000)", "'↔▁familiar (1.000)", 'm↔▁not (1.000)', 'm↔▁familiar (1.000)', '▁not↔▁familiar (1.000)']

=== Sample 2 ===
True: alt.atheism | Pred: sci.space
Num nodes: 8, Total edges in adj: 17
Graph stats: 8 nodes, 10 edges
Top 10 hubs: [('\n', 4), ('In', 4), ('▁a', 4), ('▁word', 4), (',', 4), ('<bos>', 0), ('▁yes', 0), ('.', 0)]
Top 10 edges: ['\n↔In (1.000)', '\n↔▁a (1.000)', '\n↔▁word (1.000)', '\n↔, (1.000)', 'In↔▁a (1.000)', 'In↔▁word (1.000)', 'In↔, (1.000)', '▁a↔▁word (1.000)', '▁a↔, (1.000)', '▁word↔, (1.000)']

=== Sample 3 ===
True: talk.politics.mideast | Pred: sci.space
Num nodes: 512, Total edges in adj: 1277
Graph stats: 512 nodes, 10 edges
Top 10 hubs: [('\n', 4), ('They', 4), ('▁were', 4), ('▁attacking', 4), ('▁the', 4), ('<bos>', 0), ('▁Iraq', 0), ('is', 0), ('▁to', 0), ('▁drive', 0)]
Top 10 edges: ['\n↔They (1.000)', '\n↔▁were (1.000)', '\n↔▁attacking (1.000)', '\n↔▁the (1.000)', 'They↔▁were (1.000)', 'They↔▁attacking (1.000)', 'They↔▁the (1.000)', '▁were↔▁attacking (1.000)', '▁were↔▁the (1.000)', '▁attacking↔▁the (1.000)']

=== Sample 4 ===
True: talk.religion.misc | Pred: rec.sport.hockey
Num nodes: 22, Total edges in adj: 52
Graph stats: 22 nodes, 10 edges
Top 10 hubs: [('\n', 4), ('I', 4), ("'", 4), ('ve', 4), ('▁just', 4), ('<bos>', 0), ('▁spent', 0), ('▁two', 0), ('▁solid', 0), ('▁months', 0)]
Top 10 edges: ['\n↔I (1.000)', "\n↔' (1.000)", '\n↔ve (1.000)', '\n↔▁just (1.000)', "I↔' (1.000)", 'I↔ve (1.000)', 'I↔▁just (1.000)', "'↔ve (1.000)", "'↔▁just (1.000)", 've↔▁just (1.000)']
Sample 0 top tokens: ['8', '▁you', '▁other', 'ably', '▁are']
Sample 1 top tokens: ['▁in', '▁all', '\n\n', '▁I', '-']
Sample 2 top tokens: ['<bos>', '▁yes', '.', 'In', '▁a']
Sample 3 top tokens: ['▁that', '▁severe', '▁called', '▁the', '▁punishment']
Sample 4 top tokens: ['▁exists', '▁arguing', '▁thing', '▁moral', '▁no']

============================= JOB FEEDBACK =============================

NodeName=uc2n562
Job ID: 3012025
Cluster: uc3
User/Group: ka_ufszm/ka_stud
State: COMPLETED (exit code 0)
Nodes: 1
Cores per node: 16
CPU Utilized: 00:00:37
CPU Efficiency: 3.99% of 00:15:28 core-walltime
Job Wall-clock time: 00:00:58
Memory Utilized: 25.43 GB
Memory Efficiency: 20.42% of 124.51 GB (124.51 GB/node)
