[KeOps] Warning : CUDA libraries not found or could not be loaded; Switching to CPU only.
Loading 20newsgroups test data...
Loading cached embeddings from ../data/newsgroups_cache/newsgroups_test_maxlen512_valsplit0.2_distilbert-base-uncased.pkl

=== Sample 0 ===
True: rec.autos | Pred: sci.space
Num nodes: 112, Total edges in adj: 277
Graph stats: 112 nodes, 10 edges
Top 10 hubs: [('I', 4), ('▁am', 4), ('▁a', 4), ('▁little', 4), ('▁confused', 4), ('<bos>', 0), ('▁on', 0), ('▁all', 0), ('▁of', 0), ('▁the', 0)]
Top 10 edges: ['I↔▁am (1.000)', 'I↔▁a (1.000)', 'I↔▁little (1.000)', 'I↔▁confused (1.000)', '▁am↔▁a (1.000)', '▁am↔▁little (1.000)', '▁am↔▁confused (1.000)', '▁a↔▁little (1.000)', '▁a↔▁confused (1.000)', '▁little↔▁confused (1.000)']

=== Sample 1 ===
True: comp.windows.x | Pred: sci.space
Num nodes: 179, Total edges in adj: 445
Graph stats: 174 nodes, 10 edges
Top 10 hubs: [('I', 4), ("'", 4), ('m', 4), ('▁not', 4), ('▁familiar', 4), ('<bos>', 0), ('▁at', 0), ('▁all', 0), ('▁with', 0), ('▁the', 0)]
Top 10 edges: ["I↔' (1.000)", 'I↔m (1.000)', 'I↔▁not (1.000)', 'I↔▁familiar (1.000)', "'↔m (1.000)", "'↔▁not (1.000)", "'↔▁familiar (1.000)", 'm↔▁not (1.000)', 'm↔▁familiar (1.000)', '▁not↔▁familiar (1.000)']

=== Sample 2 ===
True: alt.atheism | Pred: sci.space
Num nodes: 8, Total edges in adj: 17
Graph stats: 8 nodes, 10 edges
Top 10 hubs: [('\n', 4), ('In', 4), ('▁a', 4), ('▁word', 4), (',', 4), ('<bos>', 0), ('▁yes', 0), ('.', 0)]
Top 10 edges: ['\n↔In (1.000)', '\n↔▁a (1.000)', '\n↔▁word (1.000)', '\n↔, (1.000)', 'In↔▁a (1.000)', 'In↔▁word (1.000)', 'In↔, (1.000)', '▁a↔▁word (1.000)', '▁a↔, (1.000)', '▁word↔, (1.000)']

=== Sample 3 ===
True: talk.politics.mideast | Pred: sci.space
Num nodes: 512, Total edges in adj: 1277
Graph stats: 512 nodes, 10 edges
Top 10 hubs: [('\n', 4), ('They', 4), ('▁were', 4), ('▁attacking', 4), ('▁the', 4), ('<bos>', 0), ('▁Iraq', 0), ('is', 0), ('▁to', 0), ('▁drive', 0)]
Top 10 edges: ['\n↔They (1.000)', '\n↔▁were (1.000)', '\n↔▁attacking (1.000)', '\n↔▁the (1.000)', 'They↔▁were (1.000)', 'They↔▁attacking (1.000)', 'They↔▁the (1.000)', '▁were↔▁attacking (1.000)', '▁were↔▁the (1.000)', '▁attacking↔▁the (1.000)']

=== Sample 4 ===
True: talk.religion.misc | Pred: rec.sport.hockey
Num nodes: 22, Total edges in adj: 52
Graph stats: 22 nodes, 10 edges
Top 10 hubs: [('\n', 4), ('I', 4), ("'", 4), ('ve', 4), ('▁just', 4), ('<bos>', 0), ('▁spent', 0), ('▁two', 0), ('▁solid', 0), ('▁months', 0)]
Top 10 edges: ['\n↔I (1.000)', "\n↔' (1.000)", '\n↔ve (1.000)', '\n↔▁just (1.000)', "I↔' (1.000)", 'I↔ve (1.000)', 'I↔▁just (1.000)', "'↔ve (1.000)", "'↔▁just (1.000)", 've↔▁just (1.000)']

=== Sample 5 ===
True: sci.med | Pred: sci.space
Num nodes: 512, Total edges in adj: 1277
Graph stats: 512 nodes, 10 edges
Top 10 hubs: [('\n', 4), ('Elis', 4), ('abeth', 4), (',', 4), ('▁let', 4), ('<bos>', 0), ("'", 0), ('s', 0), ('▁set', 0), ('▁the', 0)]
Top 10 edges: ['\n↔Elis (1.000)', '\n↔abeth (1.000)', '\n↔, (1.000)', '\n↔▁let (1.000)', 'Elis↔abeth (1.000)', 'Elis↔, (1.000)', 'Elis↔▁let (1.000)', 'abeth↔, (1.000)', 'abeth↔▁let (1.000)', ',↔▁let (1.000)']

=== Sample 6 ===
True: soc.religion.christian | Pred: rec.sport.hockey
Num nodes: 29, Total edges in adj: 70
Graph stats: 29 nodes, 10 edges
Top 10 hubs: [('Dish', 4), ('on', 4), ('est', 4), ('▁money', 4), ('▁dwind', 4), ('<bos>', 0), ('les', 0), ('▁away', 0), (',', 0), ('▁but', 0)]
Top 10 edges: ['Dish↔on (1.000)', 'Dish↔est (1.000)', 'Dish↔▁money (1.000)', 'Dish↔▁dwind (1.000)', 'on↔est (1.000)', 'on↔▁money (1.000)', 'on↔▁dwind (1.000)', 'est↔▁money (1.000)', 'est↔▁dwind (1.000)', '▁money↔▁dwind (1.000)']

=== Sample 7 ===
True: soc.religion.christian | Pred: sci.space
Num nodes: 128, Total edges in adj: 317
Graph stats: 128 nodes, 10 edges
Top 10 hubs: [('A', 4), ('▁friend', 4), ('▁of', 4), ('▁mine', 4), ('▁managed', 4), ('<bos>', 0), ('▁to', 0), ('▁get', 0), ('▁a', 0), ('▁copy', 0)]
Top 10 edges: ['A↔▁friend (1.000)', 'A↔▁of (1.000)', 'A↔▁mine (1.000)', 'A↔▁managed (1.000)', '▁friend↔▁of (1.000)', '▁friend↔▁mine (1.000)', '▁friend↔▁managed (1.000)', '▁of↔▁mine (1.000)', '▁of↔▁managed (1.000)', '▁mine↔▁managed (1.000)']

=== Sample 8 ===
True: comp.windows.x | Pred: sci.space
Num nodes: 58, Total edges in adj: 142
Graph stats: 58 nodes, 10 edges
Top 10 hubs: [('Hi', 4), (',', 4), ('\n\n', 4), ('▁▁▁', 4), ('We', 4), ('<bos>', 0), ('▁have', 0), ('▁a', 0), ('▁requirement', 0), ('▁for', 0)]
Top 10 edges: ['Hi↔, (1.000)', 'Hi↔\n\n (1.000)', 'Hi↔▁▁▁ (1.000)', 'Hi↔We (1.000)', ',↔\n\n (1.000)', ',↔▁▁▁ (1.000)', ',↔We (1.000)', '\n\n↔▁▁▁ (1.000)', '\n\n↔We (1.000)', '▁▁▁↔We (1.000)']

=== Sample 9 ===
True: comp.graphics | Pred: sci.space
Num nodes: 143, Total edges in adj: 355
Graph stats: 143 nodes, 10 edges
Top 10 hubs: [(':', 4), ('▁▁', 4), ('\n', 4), (':', 4), ('▁well', 4), ('<bos>', 0), (',', 0), ('▁i', 0), ('▁have', 0), ('▁lots', 0)]
Top 10 edges: [':↔▁▁ (1.000)', ':↔\n (1.000)', ':↔: (1.000)', ':↔▁well (1.000)', '▁▁↔\n (1.000)', '▁▁↔: (1.000)', '▁▁↔▁well (1.000)', '\n↔: (1.000)', '\n↔▁well (1.000)', ':↔▁well (1.000)']

============================= JOB FEEDBACK =============================

NodeName=uc2n561
Job ID: 3012053
Cluster: uc3
User/Group: ka_ufszm/ka_stud
State: COMPLETED (exit code 0)
Nodes: 1
Cores per node: 16
CPU Utilized: 00:00:37
CPU Efficiency: 3.26% of 00:18:56 core-walltime
Job Wall-clock time: 00:01:11
Memory Utilized: 25.01 GB
Memory Efficiency: 20.09% of 124.51 GB (124.51 GB/node)
