[KeOps] Warning : CUDA libraries not found or could not be loaded; Switching to CPU only.
Loading 20newsgroups train data...
Loading cached embeddings from ../data/newsgroups_cache/newsgroups_train_maxlen64_valsplit0.2_distilbert-base-uncased.pkl
Loading 20newsgroups train data...
Loading cached embeddings from ../data/newsgroups_cache/newsgroups_val_maxlen64_valsplit0.2_distilbert-base-uncased.pkl
Loading 20newsgroups test data...
Loading cached embeddings from ../data/newsgroups_cache/newsgroups_test_maxlen64_valsplit0.2_distilbert-base-uncased.pkl
LOGGING

============================= JOB FEEDBACK =============================

NodeName=uc2n564
Job ID: 3028282
Cluster: uc3
User/Group: ka_ufszm/ka_stud
State: FAILED (exit code 1)
Nodes: 1
Cores per node: 16
CPU Utilized: 00:00:37
CPU Efficiency: 1.91% of 00:32:16 core-walltime
Job Wall-clock time: 00:02:01
Memory Utilized: 5.76 GB
Memory Efficiency: 4.63% of 124.51 GB (124.51 GB/node)
