[KeOps] Warning : CUDA libraries not found or could not be loaded; Switching to CPU only.
Loading 20newsgroups test data...
Loading cached embeddings from ../data/newsgroups_cache/newsgroups_test_maxlen512_valsplit0.2_distilbert-base-uncased.pkl

=== Sample 0 ===
True: rec.autos | Pred: rec.autos
Num nodes: 112, Total edges in adj: 121
Graph stats: 112 nodes, 124 edges
Top 10 hubs: [('▁', 7), ('▁the', 6), ('▁And', 6), ('▁words', 6), ('8', 5), ('▁features', 5), ('▁much', 5), ('▁than', 5), ('▁little', 4), ('.', 4)]
Top 10 edges: ['<bos>↔▁far (1.000)', '<bos>↔ably (1.000)', '<bos>↔▁much (1.000)', 'I↔. (1.000)', 'I↔▁other (1.000)', '▁am↔▁someone (1.000)', '▁am↔▁to (1.000)', '▁am↔ably (1.000)', '▁a↔▁of (1.000)', '▁a↔ably (1.000)']

=== Sample 1 ===
True: comp.windows.x | Pred: sci.space
Num nodes: 179, Total edges in adj: 301
Graph stats: 179 nodes, 301 edges

============================= JOB FEEDBACK =============================

NodeName=uc2n562
Job ID: 3036389
Cluster: uc3
User/Group: ka_ufszm/ka_stud
State: FAILED (exit code 1)
Nodes: 1
Cores per node: 16
CPU Utilized: 00:00:33
CPU Efficiency: 3.62% of 00:15:12 core-walltime
Job Wall-clock time: 00:00:57
Memory Utilized: 24.97 GB
Memory Efficiency: 20.05% of 124.51 GB (124.51 GB/node)
