GpuFreq=control_disabled
💡 Tip: For seamless cloud uploads and versioning, try installing [litmodels](https://pypi.org/project/litmodels/) to enable LitModelCheckpoint, which syncs automatically with the Lightning model registry.
GPU available: True (cuda), used: True
TPU available: False, using: 0 TPU cores
You are using a CUDA device ('NVIDIA H100') that has Tensor Cores. To properly utilize them, you should set `torch.set_float32_matmul_precision('medium' | 'high')` which will trade-off precision for performance. For more details, read https://pytorch.org/docs/stable/generated/torch.set_float32_matmul_precision.html#torch.set_float32_matmul_precision
LOCAL_RANK: 0 - CUDA_VISIBLE_DEVICES: [0]

  | Name    | Type       | Params | Mode  | FLOPs
-------------------------------------------------------
0 | graph_f | ModuleList | 8.3 K  | train | 0    
1 | node_g  | ModuleList | 230 K  | train | 0    
2 | fc      | MLP        | 9.6 K  | train | 0    
-------------------------------------------------------
248 K     Trainable params
0         Non-trainable params
248 K     Total params
0.993     Total estimated model params size (MB)
21        Modules in train mode
0         Modules in eval mode
0         Total Flops
SLURM auto-requeueing enabled. Setting signal handlers.
/pfs/data6/home/ka/ka_stud/ka_ufszm/.cache/pypoetry/virtualenvs/gnns-tZ7_1okr-py3.11/lib/python3.11/site-packages/pytorch_lightning/utilities/_pytree.py:21: `isinstance(treespec, LeafSpec)` is deprecated, use `isinstance(treespec, TreeSpec) and treespec.is_leaf()` instead.
/pfs/data6/home/ka/ka_stud/ka_ufszm/.cache/pypoetry/virtualenvs/gnns-tZ7_1okr-py3.11/lib/python3.11/site-packages/pytorch_lightning/utilities/data.py:79: Trying to infer the `batch_size` from an ambiguous collection. The batch size we found is 16. To avoid any miscalculations, use `self.log(..., batch_size=batch_size)`.
/pfs/data6/home/ka/ka_stud/ka_ufszm/.cache/pypoetry/virtualenvs/gnns-tZ7_1okr-py3.11/lib/python3.11/site-packages/pytorch_lightning/utilities/data.py:79: Trying to infer the `batch_size` from an ambiguous collection. The batch size we found is 7. To avoid any miscalculations, use `self.log(..., batch_size=batch_size)`.
Metric val_acc improved. New best score: 73.310
Metric val_acc improved by 0.530 >= min_delta = 0.001. New best score: 73.840
Metric val_acc improved by 1.635 >= min_delta = 0.001. New best score: 75.475
Metric val_acc improved by 0.884 >= min_delta = 0.001. New best score: 76.359
Metric val_acc improved by 0.354 >= min_delta = 0.001. New best score: 76.712
Metric val_acc improved by 0.309 >= min_delta = 0.001. New best score: 77.022
Metric val_acc improved by 0.530 >= min_delta = 0.001. New best score: 77.552
srun: Job step aborted: Waiting up to 32 seconds for job step to finish.
slurmstepd: error: *** JOB 3059983 ON uc3n082 CANCELLED AT 2026-01-30T23:58:07 ***
slurmstepd: error: *** STEP 3059983.0 ON uc3n082 CANCELLED AT 2026-01-30T23:58:07 ***
[rank: 0] Received SIGTERM: 15
Bypassing SIGTERM: 15
