GpuFreq=control_disabled
💡 Tip: For seamless cloud uploads and versioning, try installing [litmodels](https://pypi.org/project/litmodels/) to enable LitModelCheckpoint, which syncs automatically with the Lightning model registry.
GPU available: True (cuda), used: True
TPU available: False, using: 0 TPU cores
You are using a CUDA device ('NVIDIA A100-PCIE-40GB') that has Tensor Cores. To properly utilize them, you should set `torch.set_float32_matmul_precision('medium' | 'high')` which will trade-off precision for performance. For more details, read https://pytorch.org/docs/stable/generated/torch.set_float32_matmul_precision.html#torch.set_float32_matmul_precision
Restoring states from the checkpoint path at logs/dDGM_google-embeddinggemma-300m_k15_gat_euclidean_poolmean/version_21/checkpoints/epoch=28-step=16414.ckpt
/pfs/data6/home/ka/ka_stud/ka_ufszm/.cache/pypoetry/virtualenvs/gnns-tZ7_1okr-py3.11/lib/python3.11/site-packages/pytorch_lightning/callbacks/model_checkpoint.py:566: The dirpath has changed from './logs/dDGM_google-embeddinggemma-300m_k15_gat_euclidean_poolmean/version_21/checkpoints' to './logs/dDGM_google-embeddinggemma-300m_k15_gat_euclidean_poolmean/version_23/checkpoints', therefore `best_model_score`, `kth_best_model_path`, `kth_value`, `last_model_path` and `best_k_models` won't be reloaded. Only `best_model_path` will be reloaded.
LOCAL_RANK: 0 - CUDA_VISIBLE_DEVICES: [0]

  | Name    | Type       | Params | Mode  | FLOPs
-------------------------------------------------------
0 | graph_f | ModuleList | 196 K  | train | 0    
1 | node_g  | ModuleList | 197 K  | train | 0    
2 | fc      | MLP        | 35.5 K | train | 0    
-------------------------------------------------------
429 K     Trainable params
0         Non-trainable params
429 K     Total params
1.719     Total estimated model params size (MB)
14        Modules in train mode
0         Modules in eval mode
0         Total Flops
Restored all states from the checkpoint at logs/dDGM_google-embeddinggemma-300m_k15_gat_euclidean_poolmean/version_21/checkpoints/epoch=28-step=16414.ckpt
SLURM auto-requeueing enabled. Setting signal handlers.
/pfs/data6/home/ka/ka_stud/ka_ufszm/.cache/pypoetry/virtualenvs/gnns-tZ7_1okr-py3.11/lib/python3.11/site-packages/pytorch_lightning/utilities/_pytree.py:21: `isinstance(treespec, LeafSpec)` is deprecated, use `isinstance(treespec, TreeSpec) and treespec.is_leaf()` instead.
/pfs/data6/home/ka/ka_stud/ka_ufszm/.cache/pypoetry/virtualenvs/gnns-tZ7_1okr-py3.11/lib/python3.11/site-packages/pytorch_lightning/utilities/data.py:79: Trying to infer the `batch_size` from an ambiguous collection. The batch size we found is 16. To avoid any miscalculations, use `self.log(..., batch_size=batch_size)`.
/pfs/data6/home/ka/ka_stud/ka_ufszm/.cache/pypoetry/virtualenvs/gnns-tZ7_1okr-py3.11/lib/python3.11/site-packages/pytorch_lightning/utilities/data.py:79: Trying to infer the `batch_size` from an ambiguous collection. The batch size we found is 7. To avoid any miscalculations, use `self.log(..., batch_size=batch_size)`.
`Trainer.fit` stopped: `max_epochs=30` reached.
/pfs/data6/home/ka/ka_stud/ka_ufszm/.cache/pypoetry/virtualenvs/gnns-tZ7_1okr-py3.11/lib/python3.11/site-packages/pytorch_lightning/trainer/connectors/checkpoint_connector.py:149: `.test(ckpt_path=None)` was called without a model. The best model of the previous `fit` call will be used. You can pass `.test(ckpt_path='best')` to use the best model or `.test(ckpt_path='last')` to use the last model. If you pass a value, this warning will be silenced.
Restoring states from the checkpoint path at ./logs/dDGM_google-embeddinggemma-300m_k15_gat_euclidean_poolmean/version_23/checkpoints/epoch=29-step=16980.ckpt
LOCAL_RANK: 0 - CUDA_VISIBLE_DEVICES: [0]
Loaded model weights from the checkpoint at ./logs/dDGM_google-embeddinggemma-300m_k15_gat_euclidean_poolmean/version_23/checkpoints/epoch=29-step=16980.ckpt
SLURM auto-requeueing enabled. Setting signal handlers.
Traceback (most recent call last):
  File "/pfs/data6/home/ka/ka_stud/ka_ufszm/project/gnns/src/gnns/train.py", line 241, in <module>
    run_training_process(args)
  File "/pfs/data6/home/ka/ka_stud/ka_ufszm/project/gnns/src/gnns/train.py", line 153, in run_training_process
    test_results = trainer.test()
                   ^^^^^^^^^^^^^^
  File "/pfs/data6/home/ka/ka_stud/ka_ufszm/.cache/pypoetry/virtualenvs/gnns-tZ7_1okr-py3.11/lib/python3.11/site-packages/pytorch_lightning/trainer/trainer.py", line 821, in test
    return call._call_and_handle_interrupt(
           ^^^^^^^^^^^^^^^^^^^^^^^^^^^^^^^^
  File "/pfs/data6/home/ka/ka_stud/ka_ufszm/.cache/pypoetry/virtualenvs/gnns-tZ7_1okr-py3.11/lib/python3.11/site-packages/pytorch_lightning/trainer/call.py", line 49, in _call_and_handle_interrupt
    return trainer_fn(*args, **kwargs)
           ^^^^^^^^^^^^^^^^^^^^^^^^^^^
  File "/pfs/data6/home/ka/ka_stud/ka_ufszm/.cache/pypoetry/virtualenvs/gnns-tZ7_1okr-py3.11/lib/python3.11/site-packages/pytorch_lightning/trainer/trainer.py", line 864, in _test_impl
    results = self._run(model, ckpt_path=ckpt_path, weights_only=weights_only)
              ^^^^^^^^^^^^^^^^^^^^^^^^^^^^^^^^^^^^^^^^^^^^^^^^^^^^^^^^^^^^^^^^
  File "/pfs/data6/home/ka/ka_stud/ka_ufszm/.cache/pypoetry/virtualenvs/gnns-tZ7_1okr-py3.11/lib/python3.11/site-packages/pytorch_lightning/trainer/trainer.py", line 1079, in _run
    results = self._run_stage()
              ^^^^^^^^^^^^^^^^^
  File "/pfs/data6/home/ka/ka_stud/ka_ufszm/.cache/pypoetry/virtualenvs/gnns-tZ7_1okr-py3.11/lib/python3.11/site-packages/pytorch_lightning/trainer/trainer.py", line 1116, in _run_stage
    return self._evaluation_loop.run()
           ^^^^^^^^^^^^^^^^^^^^^^^^^^^
  File "/pfs/data6/home/ka/ka_stud/ka_ufszm/.cache/pypoetry/virtualenvs/gnns-tZ7_1okr-py3.11/lib/python3.11/site-packages/pytorch_lightning/loops/utilities.py", line 179, in _decorator
    return loop_run(self, *args, **kwargs)
           ^^^^^^^^^^^^^^^^^^^^^^^^^^^^^^^
  File "/pfs/data6/home/ka/ka_stud/ka_ufszm/.cache/pypoetry/virtualenvs/gnns-tZ7_1okr-py3.11/lib/python3.11/site-packages/pytorch_lightning/loops/evaluation_loop.py", line 121, in run
    self.setup_data()
  File "/pfs/data6/home/ka/ka_stud/ka_ufszm/.cache/pypoetry/virtualenvs/gnns-tZ7_1okr-py3.11/lib/python3.11/site-packages/pytorch_lightning/loops/evaluation_loop.py", line 177, in setup_data
    dataloaders = _request_dataloader(source)
                  ^^^^^^^^^^^^^^^^^^^^^^^^^^^
  File "/pfs/data6/home/ka/ka_stud/ka_ufszm/.cache/pypoetry/virtualenvs/gnns-tZ7_1okr-py3.11/lib/python3.11/site-packages/pytorch_lightning/trainer/connectors/data_connector.py", line 335, in _request_dataloader
    return data_source.dataloader()
           ^^^^^^^^^^^^^^^^^^^^^^^^
  File "/pfs/data6/home/ka/ka_stud/ka_ufszm/.cache/pypoetry/virtualenvs/gnns-tZ7_1okr-py3.11/lib/python3.11/site-packages/pytorch_lightning/trainer/connectors/data_connector.py", line 299, in dataloader
    return call._call_lightning_module_hook(self.instance.trainer, self.name, pl_module=self.instance)
           ^^^^^^^^^^^^^^^^^^^^^^^^^^^^^^^^^^^^^^^^^^^^^^^^^^^^^^^^^^^^^^^^^^^^^^^^^^^^^^^^^^^^^^^^^^^
  File "/pfs/data6/home/ka/ka_stud/ka_ufszm/.cache/pypoetry/virtualenvs/gnns-tZ7_1okr-py3.11/lib/python3.11/site-packages/pytorch_lightning/trainer/call.py", line 177, in _call_lightning_module_hook
    output = fn(*args, **kwargs)
             ^^^^^^^^^^^^^^^^^^^
  File "/pfs/data6/home/ka/ka_stud/ka_ufszm/.cache/pypoetry/virtualenvs/gnns-tZ7_1okr-py3.11/lib/python3.11/site-packages/pytorch_lightning/core/hooks.py", line 513, in test_dataloader
    raise MisconfigurationException("`test_dataloader` must be implemented to be used with the Lightning Trainer")
lightning_fabric.utilities.exceptions.MisconfigurationException: `test_dataloader` must be implemented to be used with the Lightning Trainer
srun: error: uc2n561: task 0: Exited with exit code 1
