[KeOps] Warning : CUDA libraries not found or could not be loaded; Switching to CPU only.
Loading 20newsgroups train data...
Loading cached embeddings from ../data/newsgroups_cache/newsgroups_train_maxlen512_valsplit0.2_google_embeddinggemma-300m.pkl
Loading 20newsgroups train data...
Loading cached embeddings from ../data/newsgroups_cache/newsgroups_val_maxlen512_valsplit0.2_google_embeddinggemma-300m.pkl
Loading 20newsgroups test data...
Loading cached embeddings from ../data/newsgroups_cache/newsgroups_test_maxlen512_valsplit0.2_google_embeddinggemma-300m.pkl

============================= JOB FEEDBACK =============================

NodeName=uc3n082
Job ID: 3063840
Cluster: uc3
User/Group: ka_ufszm/ka_stud
State: FAILED (exit code 1)
Nodes: 1
Cores per node: 16
CPU Utilized: 00:00:48
CPU Efficiency: 3.57% of 00:22:24 core-walltime
Job Wall-clock time: 00:01:24
Memory Utilized: 35.79 GB
Memory Efficiency: 28.74% of 124.51 GB (124.51 GB/node)
