[KeOps] Warning : CUDA libraries not found or could not be loaded; Switching to CPU only.
Loading 20newsgroups train data...
Loading cached embeddings from ../data/newsgroups_cache/newsgroups_train_maxlen256_valsplit0.2_google_embeddinggemma-300m.pkl
Loading 20newsgroups train data...
Loading cached embeddings from ../data/newsgroups_cache/newsgroups_val_maxlen256_valsplit0.2_google_embeddinggemma-300m.pkl
Loading 20newsgroups test data...
Loading cached embeddings from ../data/newsgroups_cache/newsgroups_test_maxlen256_valsplit0.2_google_embeddinggemma-300m.pkl
LOGGING
Sanity Checking: |          | 0/? [00:00<?, ?it/s]Sanity Checking: |          | 0/? [00:00<?, ?it/s]Sanity Checking DataLoader 0:   0%|          | 0/2 [00:00<?, ?it/s]Sanity Checking DataLoader 0:  50%|█████     | 1/2 [00:00<00:00,  3.83it/s]Sanity Checking DataLoader 0: 100%|██████████| 2/2 [00:00<00:00,  7.25it/s]                                                                           Training: |          | 0/? [00:00<?, ?it/s]Training: |          | 0/? [00:00<?, ?it/s]Epoch 0:   0%|          | 0/142 [00:00<?, ?it/s]Epoch 0:   0%|          | 0/142 [00:01<?, ?it/s]
============================= JOB FEEDBACK =============================

NodeName=uc3n082
Job ID: 3064307
Cluster: uc3
User/Group: ka_ufszm/ka_stud
State: FAILED (exit code 1)
Nodes: 1
Cores per node: 16
CPU Utilized: 00:00:35
CPU Efficiency: 3.71% of 00:15:44 core-walltime
Job Wall-clock time: 00:00:59
Memory Utilized: 20.79 GB
Memory Efficiency: 16.70% of 124.51 GB (124.51 GB/node)
