GpuFreq=control_disabled
💡 Tip: For seamless cloud uploads and versioning, try installing [litmodels](https://pypi.org/project/litmodels/) to enable LitModelCheckpoint, which syncs automatically with the Lightning model registry.
GPU available: True (cuda), used: True
TPU available: False, using: 0 TPU cores
You are using a CUDA device ('NVIDIA H100') that has Tensor Cores. To properly utilize them, you should set `torch.set_float32_matmul_precision('medium' | 'high')` which will trade-off precision for performance. For more details, read https://pytorch.org/docs/stable/generated/torch.set_float32_matmul_precision.html#torch.set_float32_matmul_precision
LOCAL_RANK: 0 - CUDA_VISIBLE_DEVICES: [0]

  | Name              | Type             | Params | Mode  | FLOPs
-----------------------------------------------------------------------
0 | dropout           | Dropout          | 0      | train | 0    
1 | graph_modules     | ModuleList       | 106 K  | train | 0    
2 | diffusion_modules | ModuleList       | 20.7 K | train | 0    
3 | classifier        | Sequential       | 10.9 K | train | 0    
4 | criterion         | CrossEntropyLoss | 0      | train | 0    
-----------------------------------------------------------------------
138 K     Trainable params
0         Non-trainable params
138 K     Total params
0.553     Total estimated model params size (MB)
27        Modules in train mode
0         Modules in eval mode
0         Total Flops
SLURM auto-requeueing enabled. Setting signal handlers.
/pfs/data6/home/ka/ka_stud/ka_ufszm/.cache/pypoetry/virtualenvs/gnns-tZ7_1okr-py3.11/lib/python3.11/site-packages/pytorch_lightning/utilities/_pytree.py:21: `isinstance(treespec, LeafSpec)` is deprecated, use `isinstance(treespec, TreeSpec) and treespec.is_leaf()` instead.
/pfs/data6/home/ka/ka_stud/ka_ufszm/.cache/pypoetry/virtualenvs/gnns-tZ7_1okr-py3.11/lib/python3.11/site-packages/pytorch_lightning/utilities/data.py:79: Trying to infer the `batch_size` from an ambiguous collection. The batch size we found is 64. To avoid any miscalculations, use `self.log(..., batch_size=batch_size)`.
/pfs/data6/home/ka/ka_stud/ka_ufszm/.cache/pypoetry/virtualenvs/gnns-tZ7_1okr-py3.11/lib/python3.11/site-packages/pytorch_lightning/utilities/data.py:79: Trying to infer the `batch_size` from an ambiguous collection. The batch size we found is 23. To avoid any miscalculations, use `self.log(..., batch_size=batch_size)`.
Metric val_acc improved. New best score: 48.122
Metric val_acc improved by 14.803 >= min_delta = 0.001. New best score: 62.925
Metric val_acc improved by 6.673 >= min_delta = 0.001. New best score: 69.598
Metric val_acc improved by 2.298 >= min_delta = 0.001. New best score: 71.896
Metric val_acc improved by 0.530 >= min_delta = 0.001. New best score: 72.426
Metric val_acc improved by 0.884 >= min_delta = 0.001. New best score: 73.310
Metric val_acc improved by 0.574 >= min_delta = 0.001. New best score: 73.884
Metric val_acc improved by 0.574 >= min_delta = 0.001. New best score: 74.459
Metric val_acc improved by 0.530 >= min_delta = 0.001. New best score: 74.989
Metric val_acc improved by 0.795 >= min_delta = 0.001. New best score: 75.784
Metric val_acc improved by 0.044 >= min_delta = 0.001. New best score: 75.829
`Trainer.fit` stopped: `max_epochs=15` reached.
LOCAL_RANK: 0 - CUDA_VISIBLE_DEVICES: [0]
SLURM auto-requeueing enabled. Setting signal handlers.
/pfs/data6/home/ka/ka_stud/ka_ufszm/.cache/pypoetry/virtualenvs/gnns-tZ7_1okr-py3.11/lib/python3.11/site-packages/pytorch_lightning/utilities/data.py:79: Trying to infer the `batch_size` from an ambiguous collection. The batch size we found is 44. To avoid any miscalculations, use `self.log(..., batch_size=batch_size)`.
