GpuFreq=control_disabled
💡 Tip: For seamless cloud uploads and versioning, try installing [litmodels](https://pypi.org/project/litmodels/) to enable LitModelCheckpoint, which syncs automatically with the Lightning model registry.
GPU available: True (cuda), used: True
TPU available: False, using: 0 TPU cores
You are using a CUDA device ('NVIDIA H100') that has Tensor Cores. To properly utilize them, you should set `torch.set_float32_matmul_precision('medium' | 'high')` which will trade-off precision for performance. For more details, read https://pytorch.org/docs/stable/generated/torch.set_float32_matmul_precision.html#torch.set_float32_matmul_precision
LOCAL_RANK: 0 - CUDA_VISIBLE_DEVICES: [0]

  | Name              | Type             | Params | Mode  | FLOPs
-----------------------------------------------------------------------
0 | dropout           | Dropout          | 0      | train | 0    
1 | graph_modules     | ModuleList       | 106 K  | train | 0    
2 | diffusion_modules | ModuleList       | 20.7 K | train | 0    
3 | classifier        | Sequential       | 10.9 K | train | 0    
4 | criterion         | CrossEntropyLoss | 0      | train | 0    
-----------------------------------------------------------------------
138 K     Trainable params
0         Non-trainable params
138 K     Total params
0.553     Total estimated model params size (MB)
27        Modules in train mode
0         Modules in eval mode
0         Total Flops
SLURM auto-requeueing enabled. Setting signal handlers.
/pfs/data6/home/ka/ka_stud/ka_ufszm/.cache/pypoetry/virtualenvs/gnns-tZ7_1okr-py3.11/lib/python3.11/site-packages/pytorch_lightning/utilities/_pytree.py:21: `isinstance(treespec, LeafSpec)` is deprecated, use `isinstance(treespec, TreeSpec) and treespec.is_leaf()` instead.
/pfs/data6/home/ka/ka_stud/ka_ufszm/.cache/pypoetry/virtualenvs/gnns-tZ7_1okr-py3.11/lib/python3.11/site-packages/pytorch_lightning/utilities/data.py:79: Trying to infer the `batch_size` from an ambiguous collection. The batch size we found is 32. To avoid any miscalculations, use `self.log(..., batch_size=batch_size)`.
/pfs/data6/home/ka/ka_stud/ka_ufszm/.cache/pypoetry/virtualenvs/gnns-tZ7_1okr-py3.11/lib/python3.11/site-packages/pytorch_lightning/utilities/data.py:79: Trying to infer the `batch_size` from an ambiguous collection. The batch size we found is 23. To avoid any miscalculations, use `self.log(..., batch_size=batch_size)`.
Metric val_acc improved. New best score: 5.259
Metric val_acc improved by 5.038 >= min_delta = 0.001. New best score: 10.296
Metric val_acc improved by 2.696 >= min_delta = 0.001. New best score: 12.992
Metric val_acc improved by 12.329 >= min_delta = 0.001. New best score: 25.320
Metric val_acc improved by 3.933 >= min_delta = 0.001. New best score: 29.253
Metric val_acc improved by 4.640 >= min_delta = 0.001. New best score: 33.893
Metric val_acc improved by 4.110 >= min_delta = 0.001. New best score: 38.003
Metric val_acc improved by 1.989 >= min_delta = 0.001. New best score: 39.991
Metric val_acc improved by 1.326 >= min_delta = 0.001. New best score: 41.317
Metric val_acc improved by 2.342 >= min_delta = 0.001. New best score: 43.659
Metric val_acc improved by 0.133 >= min_delta = 0.001. New best score: 43.791
Metric val_acc improved by 2.033 >= min_delta = 0.001. New best score: 45.824
Metric val_acc improved by 1.061 >= min_delta = 0.001. New best score: 46.885
Metric val_acc improved by 1.061 >= min_delta = 0.001. New best score: 47.945
Metric val_acc improved by 0.044 >= min_delta = 0.001. New best score: 47.989
Metric val_acc improved by 1.193 >= min_delta = 0.001. New best score: 49.183
Metric val_acc improved by 0.928 >= min_delta = 0.001. New best score: 50.110
Metric val_acc improved by 1.370 >= min_delta = 0.001. New best score: 51.480
Metric val_acc improved by 0.177 >= min_delta = 0.001. New best score: 51.657
Metric val_acc improved by 0.398 >= min_delta = 0.001. New best score: 52.055
Metric val_acc improved by 0.309 >= min_delta = 0.001. New best score: 52.364
Metric val_acc improved by 0.795 >= min_delta = 0.001. New best score: 53.160
Metric val_acc improved by 0.265 >= min_delta = 0.001. New best score: 53.425
Metric val_acc improved by 0.442 >= min_delta = 0.001. New best score: 53.867
Metric val_acc improved by 0.530 >= min_delta = 0.001. New best score: 54.397
Metric val_acc improved by 0.133 >= min_delta = 0.001. New best score: 54.529
Metric val_acc improved by 0.133 >= min_delta = 0.001. New best score: 54.662
Metric val_acc improved by 0.663 >= min_delta = 0.001. New best score: 55.325
Metric val_acc improved by 1.149 >= min_delta = 0.001. New best score: 56.474
Metric val_acc improved by 0.795 >= min_delta = 0.001. New best score: 57.269
Metric val_acc improved by 0.088 >= min_delta = 0.001. New best score: 57.357
Metric val_acc improved by 1.591 >= min_delta = 0.001. New best score: 58.948
Metric val_acc improved by 0.221 >= min_delta = 0.001. New best score: 59.169
Metric val_acc improved by 0.530 >= min_delta = 0.001. New best score: 59.700
Metric val_acc improved by 0.133 >= min_delta = 0.001. New best score: 59.832
Metric val_acc improved by 0.133 >= min_delta = 0.001. New best score: 59.965
Metric val_acc improved by 0.442 >= min_delta = 0.001. New best score: 60.407
Metric val_acc improved by 1.061 >= min_delta = 0.001. New best score: 61.467
Metric val_acc improved by 0.221 >= min_delta = 0.001. New best score: 61.688
Metric val_acc improved by 0.619 >= min_delta = 0.001. New best score: 62.307
Metric val_acc improved by 0.840 >= min_delta = 0.001. New best score: 63.146
`Trainer.fit` stopped: `max_epochs=50` reached.
LOCAL_RANK: 0 - CUDA_VISIBLE_DEVICES: [0]
SLURM auto-requeueing enabled. Setting signal handlers.
/pfs/data6/home/ka/ka_stud/ka_ufszm/.cache/pypoetry/virtualenvs/gnns-tZ7_1okr-py3.11/lib/python3.11/site-packages/pytorch_lightning/utilities/data.py:79: Trying to infer the `batch_size` from an ambiguous collection. The batch size we found is 12. To avoid any miscalculations, use `self.log(..., batch_size=batch_size)`.
