GpuFreq=control_disabled
Traceback (most recent call last):
  File "/pfs/data6/home/ka/ka_stud/ka_ufszm/project/gnns/src/gnns/jobs/../logs/vis.py", line 122, in <module>
    dgm_model = DGM_Model.load_from_checkpoint(
                ^^^^^^^^^^^^^^^^^^^^^^^^^^^^^^^
  File "/pfs/data6/home/ka/ka_stud/ka_ufszm/.cache/pypoetry/virtualenvs/gnns-tZ7_1okr-py3.11/lib/python3.11/site-packages/pytorch_lightning/utilities/model_helpers.py", line 130, in wrapper
    return self.method(cls_type, *args, **kwargs)
           ^^^^^^^^^^^^^^^^^^^^^^^^^^^^^^^^^^^^^^
  File "/pfs/data6/home/ka/ka_stud/ka_ufszm/.cache/pypoetry/virtualenvs/gnns-tZ7_1okr-py3.11/lib/python3.11/site-packages/pytorch_lightning/core/module.py", line 1781, in load_from_checkpoint
    loaded = _load_from_checkpoint(
             ^^^^^^^^^^^^^^^^^^^^^^
  File "/pfs/data6/home/ka/ka_stud/ka_ufszm/.cache/pypoetry/virtualenvs/gnns-tZ7_1okr-py3.11/lib/python3.11/site-packages/pytorch_lightning/core/saving.py", line 93, in _load_from_checkpoint
    model = _load_state(cls, checkpoint, strict=strict, **kwargs)
            ^^^^^^^^^^^^^^^^^^^^^^^^^^^^^^^^^^^^^^^^^^^^^^^^^^^^^
  File "/pfs/data6/home/ka/ka_stud/ka_ufszm/.cache/pypoetry/virtualenvs/gnns-tZ7_1okr-py3.11/lib/python3.11/site-packages/pytorch_lightning/core/saving.py", line 189, in _load_state
    keys = obj.load_state_dict(checkpoint["state_dict"], strict=strict)  # type: ignore[arg-type]
           ^^^^^^^^^^^^^^^^^^^^^^^^^^^^^^^^^^^^^^^^^^^^^^^^^^^^^^^^^^^^
  File "/pfs/data6/home/ka/ka_stud/ka_ufszm/.cache/pypoetry/virtualenvs/gnns-tZ7_1okr-py3.11/lib64/python3.11/site-packages/torch/nn/modules/module.py", line 2635, in load_state_dict
    raise RuntimeError(
RuntimeError: Error(s) in loading state_dict for DGM_Model:
	Missing key(s) in state_dict: "graph_f.0.temperature", "graph_f.0.embed_f.bias", "graph_f.0.embed_f.lin.weight", "node_g.0.att_src", "node_g.0.att_dst", "node_g.0.bias", "node_g.0.lin.weight", "node_g.1.att_src", "node_g.1.att_dst", "node_g.1.bias", "node_g.1.lin.weight", "node_g.2.att_src", "node_g.2.att_dst", "node_g.2.bias", "node_g.2.lin.weight", "fc.MLP.0.weight", "fc.MLP.0.bias", "fc.MLP.2.weight", "fc.MLP.2.bias". 
	Unexpected key(s) in state_dict: "graph_modules.0.temperature", "graph_modules.0.threshold", "graph_modules.0.scale", "graph_modules.0.embed_f.MLP.1.weight", "graph_modules.0.embed_f.MLP.1.bias", "graph_modules.1.temperature", "graph_modules.1.threshold", "graph_modules.1.scale", "graph_modules.1.embed_f.MLP.1.weight", "graph_modules.1.embed_f.MLP.1.bias", "diffusion_modules.0.linear.weight", "diffusion_modules.0.linear.bias", "diffusion_modules.1.linear.weight", "diffusion_modules.1.linear.bias", "classifier.0.weight", "classifier.0.bias", "classifier.3.weight", "classifier.3.bias". 
srun: error: uc2n565: task 0: Exited with exit code 1
