GpuFreq=control_disabled
💡 Tip: For seamless cloud uploads and versioning, try installing [litmodels](https://pypi.org/project/litmodels/) to enable LitModelCheckpoint, which syncs automatically with the Lightning model registry.
GPU available: True (cuda), used: True
TPU available: False, using: 0 TPU cores
You are using a CUDA device ('NVIDIA H100') that has Tensor Cores. To properly utilize them, you should set `torch.set_float32_matmul_precision('medium' | 'high')` which will trade-off precision for performance. For more details, read https://pytorch.org/docs/stable/generated/torch.set_float32_matmul_precision.html#torch.set_float32_matmul_precision
Restoring states from the checkpoint path at logs/cdgm_google-embeddinggemma-300m_k5_gat_euclidean_poolmean/version_0/checkpoints/epoch=49-step=14150.ckpt
/pfs/data6/home/ka/ka_stud/ka_ufszm/.cache/pypoetry/virtualenvs/gnns-tZ7_1okr-py3.11/lib/python3.11/site-packages/pytorch_lightning/callbacks/model_checkpoint.py:566: The dirpath has changed from './logs/cdgm_google-embeddinggemma-300m_k5_gat_euclidean_poolmean/version_0/checkpoints' to './logs/cdgm_google-embeddinggemma-300m_k5_gat_euclidean_poolmean/version_1/checkpoints', therefore `best_model_score`, `kth_best_model_path`, `kth_value`, `last_model_path` and `best_k_models` won't be reloaded. Only `best_model_path` will be reloaded.
LOCAL_RANK: 0 - CUDA_VISIBLE_DEVICES: [0]

  | Name              | Type             | Params | Mode  | FLOPs
-----------------------------------------------------------------------
0 | dropout           | Dropout          | 0      | train | 0    
1 | graph_modules     | ModuleList       | 229 K  | train | 0    
2 | diffusion_modules | ModuleList       | 82.3 K | train | 0    
3 | classifier        | Sequential       | 38.2 K | train | 0    
4 | criterion         | CrossEntropyLoss | 0      | train | 0    
-----------------------------------------------------------------------
350 K     Trainable params
0         Non-trainable params
350 K     Total params
1.401     Total estimated model params size (MB)
27        Modules in train mode
0         Modules in eval mode
0         Total Flops
Restored all states from the checkpoint at logs/cdgm_google-embeddinggemma-300m_k5_gat_euclidean_poolmean/version_0/checkpoints/epoch=49-step=14150.ckpt
SLURM auto-requeueing enabled. Setting signal handlers.
/pfs/data6/home/ka/ka_stud/ka_ufszm/.cache/pypoetry/virtualenvs/gnns-tZ7_1okr-py3.11/lib/python3.11/site-packages/pytorch_lightning/utilities/_pytree.py:21: `isinstance(treespec, LeafSpec)` is deprecated, use `isinstance(treespec, TreeSpec) and treespec.is_leaf()` instead.
/pfs/data6/home/ka/ka_stud/ka_ufszm/.cache/pypoetry/virtualenvs/gnns-tZ7_1okr-py3.11/lib/python3.11/site-packages/pytorch_lightning/utilities/data.py:79: Trying to infer the `batch_size` from an ambiguous collection. The batch size we found is 32. To avoid any miscalculations, use `self.log(..., batch_size=batch_size)`.
/pfs/data6/home/ka/ka_stud/ka_ufszm/.cache/pypoetry/virtualenvs/gnns-tZ7_1okr-py3.11/lib/python3.11/site-packages/pytorch_lightning/utilities/data.py:79: Trying to infer the `batch_size` from an ambiguous collection. The batch size we found is 23. To avoid any miscalculations, use `self.log(..., batch_size=batch_size)`.
Metric val_acc improved by 0.309 >= min_delta = 0.001. New best score: 72.249
Metric val_acc improved by 0.221 >= min_delta = 0.001. New best score: 72.470
Metric val_acc improved by 0.133 >= min_delta = 0.001. New best score: 72.603
Metric val_acc improved by 0.044 >= min_delta = 0.001. New best score: 72.647
Metric val_acc improved by 0.044 >= min_delta = 0.001. New best score: 72.691
Metric val_acc improved by 0.221 >= min_delta = 0.001. New best score: 72.912
Metric val_acc improved by 0.265 >= min_delta = 0.001. New best score: 73.177
Metric val_acc improved by 0.088 >= min_delta = 0.001. New best score: 73.266
Metric val_acc improved by 0.088 >= min_delta = 0.001. New best score: 73.354
Metric val_acc improved by 0.044 >= min_delta = 0.001. New best score: 73.398
Metric val_acc improved by 0.044 >= min_delta = 0.001. New best score: 73.442
Metric val_acc improved by 0.221 >= min_delta = 0.001. New best score: 73.663
Metric val_acc improved by 0.177 >= min_delta = 0.001. New best score: 73.840
Monitored metric val_acc did not improve in the last 15 records. Best score: 73.840. Signaling Trainer to stop.
LOCAL_RANK: 0 - CUDA_VISIBLE_DEVICES: [0]
SLURM auto-requeueing enabled. Setting signal handlers.
/pfs/data6/home/ka/ka_stud/ka_ufszm/.cache/pypoetry/virtualenvs/gnns-tZ7_1okr-py3.11/lib/python3.11/site-packages/pytorch_lightning/utilities/data.py:79: Trying to infer the `batch_size` from an ambiguous collection. The batch size we found is 12. To avoid any miscalculations, use `self.log(..., batch_size=batch_size)`.
