Loading 20newsgroups test data...
Loading cached embeddings from ../data/newsgroups_cache/newsgroups_test_maxlen512_valsplit0.2_google_embeddinggemma-300m.pkl

=== Sample 0 ===
True: rec.autos | Pred: rec.autos
Num nodes: 123
Adjacency stats: min=0.398, max=0.503, mean=0.501
Graph stats: 123 nodes, 7227 edges (threshold=0.5)
Top 10 hubs: [('I', 120), ('▁am', 120), ('▁little', 120), ('▁confused', 120), ('▁on', 120), ('▁all', 120), ('▁of', 120), ('▁models', 120), ('▁of', 120), ('▁the', 120)]
Saved visualization to ../logs/cdgm_google-embeddinggemma-300m_k5_gat_euclidean_poolmean/version_2/visualizations/cdgm_sample0.png

=== Sample 1 ===
True: comp.windows.x | Pred: comp.windows.x
Num nodes: 174
Adjacency stats: min=0.061, max=0.503, mean=0.496
Graph stats: 174 nodes, 13258 edges (threshold=0.5)
Top 10 hubs: [('▁at', 163), ('▁the', 163), ('▁in', 163), ('▁some', 163), (',', 163), ('ve', 163), ('▁*', 163), ('got', 163), ('▁(', 163), ('▁my', 163)]
Saved visualization to ../logs/cdgm_google-embeddinggemma-300m_k5_gat_euclidean_poolmean/version_2/visualizations/cdgm_sample1.png

=== Sample 2 ===
True: alt.atheism | Pred: sci.space
Num nodes: 10
Adjacency stats: min=0.388, max=0.503, mean=0.489
Graph stats: 10 nodes, 23 edges (threshold=0.5)
Top 10 hubs: [('\n', 7), ('▁word', 7), ('In', 6), ('▁a', 6), (',', 6), ('.', 6), ('\n', 6), ('<bos>', 2), ('▁yes', 0), ('<eos>', 0)]
Saved visualization to ../logs/cdgm_google-embeddinggemma-300m_k5_gat_euclidean_poolmean/version_2/visualizations/cdgm_sample2.png

=== Sample 3 ===
True: talk.politics.mideast | Pred: alt.atheism
Num nodes: 512
Adjacency stats: min=0.003, max=0.503, mean=0.493
Graph stats: 512 nodes, 110497 edges (threshold=0.5)
Top 10 hubs: [('▁followers', 473), ('ibr', 473), ('▁a', 473), ('owe', 473), ('to', 472), ('▁edited', 472), ('▁punishment', 472), ('▁from', 472), ('T', 472), ('ij', 472)]
Saved visualization to ../logs/cdgm_google-embeddinggemma-300m_k5_gat_euclidean_poolmean/version_2/visualizations/cdgm_sample3.png

=== Sample 4 ===
True: talk.religion.misc | Pred: alt.atheism
Num nodes: 24
Adjacency stats: min=0.396, max=0.503, mean=0.495
Graph stats: 24 nodes, 243 edges (threshold=0.5)
Top 10 hubs: [('\n', 22), ('I', 22), ('ve', 22), ('▁just', 22), ('▁spent', 22), ('▁solid', 22), ('▁arguing', 22), ('▁no', 22), ('▁such', 22), ('▁thing', 22)]
Saved visualization to ../logs/cdgm_google-embeddinggemma-300m_k5_gat_euclidean_poolmean/version_2/visualizations/cdgm_sample4.png

=== Sample 5 ===
True: sci.med | Pred: sci.med
Num nodes: 512
Adjacency stats: min=0.000, max=0.503, mean=0.489
Graph stats: 512 nodes, 89996 edges (threshold=0.5)
Top 10 hubs: [('▁use', 433), ('iasis', 432), ('infection', 432), ('▁for', 432), ('▁a', 432), ('▁treatment', 432), ('▁does', 432), ('▁a', 432), ('The', 431), ('▁', 431)]
Saved visualization to ../logs/cdgm_google-embeddinggemma-300m_k5_gat_euclidean_poolmean/version_2/visualizations/cdgm_sample5.png

=== Sample 6 ===
True: soc.religion.christian | Pred: soc.religion.christian
Num nodes: 34
Adjacency stats: min=0.250, max=0.503, mean=0.490
Graph stats: 34 nodes, 493 edges (threshold=0.5)
Top 10 hubs: [('Dish', 31), ('on', 31), ('est', 31), ('▁money', 31), ('▁dwind', 31), ('les', 31), ('▁away', 31), ('▁but', 31), ('▁he', 31), ('▁who', 31)]
Saved visualization to ../logs/cdgm_google-embeddinggemma-300m_k5_gat_euclidean_poolmean/version_2/visualizations/cdgm_sample6.png

=== Sample 7 ===
True: soc.religion.christian | Pred: soc.religion.christian
Num nodes: 143
Adjacency stats: min=0.303, max=0.503, mean=0.498
Graph stats: 143 nodes, 8962 edges (threshold=0.5)
Top 10 hubs: [('A', 134), ('▁of', 134), ('▁mine', 134), ('▁managed', 134), ('▁to', 134), ('▁get', 134), ('▁a', 134), ('▁copy', 134), ('▁of', 134), ('▁a', 134)]
Saved visualization to ../logs/cdgm_google-embeddinggemma-300m_k5_gat_euclidean_poolmean/version_2/visualizations/cdgm_sample7.png

=== Sample 8 ===
True: comp.windows.x | Pred: comp.windows.x
Num nodes: 63
Adjacency stats: min=0.186, max=0.503, mean=0.496
Graph stats: 63 nodes, 1772 edges (threshold=0.5)
Top 10 hubs: [('We', 60), ('▁dynamically', 60), ('different', 60), ('▁servers', 60), ('▁within', 60), ('▁application', 60), ('▁there', 60), ('▁with', 60), ('▁the', 60), ('▁client', 60)]
Saved visualization to ../logs/cdgm_google-embeddinggemma-300m_k5_gat_euclidean_poolmean/version_2/visualizations/cdgm_sample8.png

=== Sample 9 ===
True: comp.graphics | Pred: comp.graphics
Num nodes: 161
Adjacency stats: min=0.264, max=0.503, mean=0.497
Graph stats: 161 nodes, 11451 edges (threshold=0.5)
Top 10 hubs: [('ifer', 152), (':', 151), ('▁▁', 151), ('\n', 151), (':', 151), ('▁well', 151), (',', 151), ('▁i', 151), ('▁have', 151), ('▁lots', 151)]
Saved visualization to ../logs/cdgm_google-embeddinggemma-300m_k5_gat_euclidean_poolmean/version_2/visualizations/cdgm_sample9.png

============================= JOB FEEDBACK =============================

NodeName=uc2n564
Job ID: 3064300
Cluster: uc3
User/Group: ka_ufszm/ka_stud
State: COMPLETED (exit code 0)
Nodes: 1
Cores per node: 16
CPU Utilized: 00:00:38
CPU Efficiency: 2.79% of 00:22:40 core-walltime
Job Wall-clock time: 00:01:25
Memory Utilized: 25.31 GB
Memory Efficiency: 20.33% of 124.51 GB (124.51 GB/node)
