GpuFreq=control_disabled
💡 Tip: For seamless cloud uploads and versioning, try installing [litmodels](https://pypi.org/project/litmodels/) to enable LitModelCheckpoint, which syncs automatically with the Lightning model registry.
GPU available: True (cuda), used: True
TPU available: False, using: 0 TPU cores
You are using a CUDA device ('NVIDIA H100') that has Tensor Cores. To properly utilize them, you should set `torch.set_float32_matmul_precision('medium' | 'high')` which will trade-off precision for performance. For more details, read https://pytorch.org/docs/stable/generated/torch.set_float32_matmul_precision.html#torch.set_float32_matmul_precision
LOCAL_RANK: 0 - CUDA_VISIBLE_DEVICES: [0]

  | Name              | Type             | Params | Mode  | FLOPs
-----------------------------------------------------------------------
0 | dropout           | Dropout          | 0      | train | 0    
1 | graph_modules     | ModuleList       | 229 K  | train | 0    
2 | diffusion_modules | ModuleList       | 82.3 K | train | 0    
3 | classifier        | Sequential       | 38.2 K | train | 0    
4 | criterion         | CrossEntropyLoss | 0      | train | 0    
-----------------------------------------------------------------------
350 K     Trainable params
0         Non-trainable params
350 K     Total params
1.401     Total estimated model params size (MB)
27        Modules in train mode
0         Modules in eval mode
0         Total Flops
SLURM auto-requeueing enabled. Setting signal handlers.
/pfs/data6/home/ka/ka_stud/ka_ufszm/.cache/pypoetry/virtualenvs/gnns-tZ7_1okr-py3.11/lib/python3.11/site-packages/pytorch_lightning/utilities/_pytree.py:21: `isinstance(treespec, LeafSpec)` is deprecated, use `isinstance(treespec, TreeSpec) and treespec.is_leaf()` instead.
/pfs/data6/home/ka/ka_stud/ka_ufszm/.cache/pypoetry/virtualenvs/gnns-tZ7_1okr-py3.11/lib/python3.11/site-packages/pytorch_lightning/utilities/data.py:79: Trying to infer the `batch_size` from an ambiguous collection. The batch size we found is 32. To avoid any miscalculations, use `self.log(..., batch_size=batch_size)`.
/pfs/data6/home/ka/ka_stud/ka_ufszm/.cache/pypoetry/virtualenvs/gnns-tZ7_1okr-py3.11/lib/python3.11/site-packages/pytorch_lightning/utilities/data.py:79: Trying to infer the `batch_size` from an ambiguous collection. The batch size we found is 23. To avoid any miscalculations, use `self.log(..., batch_size=batch_size)`.
Metric val_acc improved. New best score: 5.391
Metric val_acc improved by 17.631 >= min_delta = 0.001. New best score: 23.023
Metric val_acc improved by 5.745 >= min_delta = 0.001. New best score: 28.767
Metric val_acc improved by 11.047 >= min_delta = 0.001. New best score: 39.814
Metric val_acc improved by 5.435 >= min_delta = 0.001. New best score: 45.250
Metric val_acc improved by 4.949 >= min_delta = 0.001. New best score: 50.199
Metric val_acc improved by 0.884 >= min_delta = 0.001. New best score: 51.083
Metric val_acc improved by 3.137 >= min_delta = 0.001. New best score: 54.220
Metric val_acc improved by 2.607 >= min_delta = 0.001. New best score: 56.827
Metric val_acc improved by 0.707 >= min_delta = 0.001. New best score: 57.534
Metric val_acc improved by 1.149 >= min_delta = 0.001. New best score: 58.683
Metric val_acc improved by 1.768 >= min_delta = 0.001. New best score: 60.451
Metric val_acc improved by 0.840 >= min_delta = 0.001. New best score: 61.290
Metric val_acc improved by 2.209 >= min_delta = 0.001. New best score: 63.500
Metric val_acc improved by 0.044 >= min_delta = 0.001. New best score: 63.544
Metric val_acc improved by 0.707 >= min_delta = 0.001. New best score: 64.251
Metric val_acc improved by 0.619 >= min_delta = 0.001. New best score: 64.870
Metric val_acc improved by 0.840 >= min_delta = 0.001. New best score: 65.709
Metric val_acc improved by 0.221 >= min_delta = 0.001. New best score: 65.930
Metric val_acc improved by 0.574 >= min_delta = 0.001. New best score: 66.505
Metric val_acc improved by 0.354 >= min_delta = 0.001. New best score: 66.858
Metric val_acc improved by 0.309 >= min_delta = 0.001. New best score: 67.167
Metric val_acc improved by 0.442 >= min_delta = 0.001. New best score: 67.609
Metric val_acc improved by 0.265 >= min_delta = 0.001. New best score: 67.875
Metric val_acc improved by 0.177 >= min_delta = 0.001. New best score: 68.051
Metric val_acc improved by 0.221 >= min_delta = 0.001. New best score: 68.272
Metric val_acc improved by 0.088 >= min_delta = 0.001. New best score: 68.361
Metric val_acc improved by 0.663 >= min_delta = 0.001. New best score: 69.023
Metric val_acc improved by 0.309 >= min_delta = 0.001. New best score: 69.333
Metric val_acc improved by 0.486 >= min_delta = 0.001. New best score: 69.819
Metric val_acc improved by 0.088 >= min_delta = 0.001. New best score: 69.907
Metric val_acc improved by 0.088 >= min_delta = 0.001. New best score: 69.996
Metric val_acc improved by 0.663 >= min_delta = 0.001. New best score: 70.658
Metric val_acc improved by 0.265 >= min_delta = 0.001. New best score: 70.924
Metric val_acc improved by 0.354 >= min_delta = 0.001. New best score: 71.277
Metric val_acc improved by 0.133 >= min_delta = 0.001. New best score: 71.410
Metric val_acc improved by 0.265 >= min_delta = 0.001. New best score: 71.675
Metric val_acc improved by 0.044 >= min_delta = 0.001. New best score: 71.719
Metric val_acc improved by 0.133 >= min_delta = 0.001. New best score: 71.852
Metric val_acc improved by 0.088 >= min_delta = 0.001. New best score: 71.940
`Trainer.fit` stopped: `max_epochs=50` reached.
LOCAL_RANK: 0 - CUDA_VISIBLE_DEVICES: [0]
SLURM auto-requeueing enabled. Setting signal handlers.
/pfs/data6/home/ka/ka_stud/ka_ufszm/.cache/pypoetry/virtualenvs/gnns-tZ7_1okr-py3.11/lib/python3.11/site-packages/pytorch_lightning/utilities/data.py:79: Trying to infer the `batch_size` from an ambiguous collection. The batch size we found is 12. To avoid any miscalculations, use `self.log(..., batch_size=batch_size)`.
