GpuFreq=control_disabled
usage: train.py [-h] [--model_type {baseline,dgm,cdgm}]
                [--encoder_name ENCODER_NAME] [--max_length MAX_LENGTH]
                [--val_split VAL_SPLIT] [--batch_size BATCH_SIZE]
                [--num_workers NUM_WORKERS] [--freeze_encoder]
                [--remove_punctualization] [--conv_layers CONV_LAYERS]
                [--dgm_layers DGM_LAYERS] [--fc_layers FC_LAYERS]
                [--pre_fc PRE_FC] [--k K] [--distance {euclidean,hyperbolic}]
                [--use_continuous_dgm] [--gfun {gcn,gat,edgeconv}]
                [--ffun {gcn,gat,mlp,knn}] [--lambda_sparse LAMBDA_SPARSE]
                [--lambda_connect LAMBDA_CONNECT]
                [--lambda_entropy LAMBDA_ENTROPY]
                [--lambda_locality LAMBDA_LOCALITY]
                [--pooling {mean,max,cls,sum}] [--dropout DROPOUT] [--lr LR]
                [--max_epochs MAX_EPOCHS] [--patience PATIENCE]
                [--test_eval TEST_EVAL] [--weight_decay WEIGHT_DECAY]
                [--resume_from_checkpoint RESUME_FROM_CHECKPOINT]
train.py: error: unrecognized arguments:  
srun: error: uc3n082: task 0: Exited with exit code 2
/var/spool/slurmd/job3064277/slurm_script: line 23: --max_epochs: command not found
/var/spool/slurmd/job3064277/slurm_script: line 24: --batch_size: command not found
/var/spool/slurmd/job3064277/slurm_script: line 25: --lr: command not found
/var/spool/slurmd/job3064277/slurm_script: line 26: --dropout: command not found
/var/spool/slurmd/job3064277/slurm_script: line 27: --weight_decay: command not found
/var/spool/slurmd/job3064277/slurm_script: line 28: --patience: command not found
