Loading 20newsgroups train data...
Processing document 0/9051...
Processing document 500/9051...
Processing document 1000/9051...
Processing document 1500/9051...
Processing document 2000/9051...
Processing document 2500/9051...
Processing document 3000/9051...
Processing document 3500/9051...
Processing document 4000/9051...
Processing document 4500/9051...
Processing document 5000/9051...
Processing document 5500/9051...
Processing document 6000/9051...
Processing document 6500/9051...
Processing document 7000/9051...
Processing document 7500/9051...
Processing document 8000/9051...
Processing document 8500/9051...
Processing document 9000/9051...
Saving to cache: ../data/newsgroups_cache/newsgroups_train_maxlen512_valsplit0.2_distilbert-base-uncased.pkl
Loading 20newsgroups train data...
Processing document 0/2263...
Processing document 500/2263...
Processing document 1000/2263...
Processing document 1500/2263...
Processing document 2000/2263...
Saving to cache: ../data/newsgroups_cache/newsgroups_val_maxlen512_valsplit0.2_distilbert-base-uncased.pkl
Loading 20newsgroups test data...
Processing document 0/7532...
Processing document 500/7532...
Processing document 1000/7532...
Processing document 1500/7532...
Processing document 2000/7532...
Processing document 2500/7532...
Processing document 3000/7532...
Processing document 3500/7532...
Processing document 4000/7532...
Processing document 4500/7532...
Processing document 5000/7532...
Processing document 5500/7532...
Processing document 6000/7532...
Processing document 6500/7532...
Processing document 7000/7532...
Processing document 7500/7532...
Saving to cache: ../data/newsgroups_cache/newsgroups_test_maxlen512_valsplit0.2_distilbert-base-uncased.pkl
LOGGING
Sanity Checking: |          | 0/? [00:00<?, ?it/s]Sanity Checking: |          | 0/? [00:00<?, ?it/s]Sanity Checking DataLoader 0:   0%|          | 0/2 [00:00<?, ?it/s]                                                                   
============================= JOB FEEDBACK =============================

NodeName=uc2n562
Job ID: 3065938
Cluster: uc3
User/Group: ka_ufszm/ka_stud
State: FAILED (exit code 1)
Nodes: 1
Cores per node: 16
CPU Utilized: 00:03:08
CPU Efficiency: 5.49% of 00:57:04 core-walltime
Job Wall-clock time: 00:03:34
Memory Utilized: 38.03 GB
Memory Efficiency: 30.55% of 124.51 GB (124.51 GB/node)
