Loading 20newsgroups train data...
Loading cached embeddings from ../data/newsgroups_cache/newsgroups_train_maxlen512_valsplit0.2_google_embeddinggemma-300m.pkl
Loading 20newsgroups train data...
Loading cached embeddings from ../data/newsgroups_cache/newsgroups_val_maxlen512_valsplit0.2_google_embeddinggemma-300m.pkl
Loading 20newsgroups test data...
Loading cached embeddings from ../data/newsgroups_cache/newsgroups_test_maxlen512_valsplit0.2_google_embeddinggemma-300m.pkl
LOGGING
Sanity Checking: |                           | 0/? [00:00<?, ?it/s]Sanity Checking: |                           | 0/? [00:00<?, ?it/s]Sanity Checking DataLoader 0:   0%|          | 0/2 [00:00<?, ?it/s]Sanity Checking DataLoader 0:  50%|█ | 1/2 [00:00<00:00,  2.13it/s]Sanity Checking DataLoader 0: 100%|██| 2/2 [00:00<00:00,  4.06it/s]                                                                   Training: |                                  | 0/? [00:00<?, ?it/s]Training: |                                  | 0/? [00:00<?, ?it/s]Epoch 0:   0%|                             | 0/283 [00:00<?, ?it/s]Epoch 0:   0%|          | 0/283 [00:02<?, ?it/s]                   
============================= JOB FEEDBACK =============================

NodeName=uc2n562
Job ID: 3065403
Cluster: uc3
User/Group: ka_ufszm/ka_stud
State: FAILED (exit code 1)
Nodes: 1
Cores per node: 16
CPU Utilized: 00:01:06
CPU Efficiency: 4.58% of 00:24:00 core-walltime
Job Wall-clock time: 00:01:30
Memory Utilized: 30.42 GB
Memory Efficiency: 24.43% of 124.51 GB (124.51 GB/node)
