2026-02-01 00:22:45.855462: I tensorflow/core/util/port.cc:153] oneDNN custom operations are on. You may see slightly different numerical results due to floating-point round-off errors from different computation orders. To turn them off, set the environment variable `TF_ENABLE_ONEDNN_OPTS=0`.
2026-02-01 00:22:45.930518: I tensorflow/core/platform/cpu_feature_guard.cc:210] This TensorFlow binary is optimized to use available CPU instructions in performance-critical operations.
To enable the following instructions: AVX2 AVX512F AVX512_VNNI FMA, in other operations, rebuild TensorFlow with the appropriate compiler flags.
2026-02-01 00:22:49.806359: I tensorflow/core/util/port.cc:153] oneDNN custom operations are on. You may see slightly different numerical results due to floating-point round-off errors from different computation orders. To turn them off, set the environment variable `TF_ENABLE_ONEDNN_OPTS=0`.
/opt/bwhpc/common/jupyter/ai/2025-08-05/lib/python3.11/site-packages/lightning_fabric/plugins/environments/slurm.py:204: The `srun` command is available on your system but is not used. HINT: If your intention is to run Lightning on SLURM, prepend your python command with `srun` like so: srun python train.py --model_type cdgm --encoder_name google/emb ...
💡 Tip: For seamless cloud uploads and versioning, try installing [litmodels](https://pypi.org/project/litmodels/) to enable LitModelCheckpoint, which syncs automatically with the Lightning model registry.
GPU available: True (cuda), used: True
TPU available: False, using: 0 TPU cores
HPU available: False, using: 0 HPUs
You are using a CUDA device ('NVIDIA A100-PCIE-40GB') that has Tensor Cores. To properly utilize them, you should set `torch.set_float32_matmul_precision('medium' | 'high')` which will trade-off precision for performance. For more details, read https://pytorch.org/docs/stable/generated/torch.set_float32_matmul_precision.html#torch.set_float32_matmul_precision
LOCAL_RANK: 0 - CUDA_VISIBLE_DEVICES: [0]
Traceback (most recent call last):
  File "/pfs/data6/home/ka/ka_stud/ka_ufszm/project/gnns/src/gnns/train.py", line 245, in <module>
    run_training_process(args)
  File "/pfs/data6/home/ka/ka_stud/ka_ufszm/project/gnns/src/gnns/train.py", line 156, in run_training_process
    trainer.fit(model, datamodule=MyDataModule())
  File "/opt/bwhpc/common/jupyter/ai/2025-08-05/lib/python3.11/site-packages/pytorch_lightning/trainer/trainer.py", line 560, in fit
    call._call_and_handle_interrupt(
  File "/opt/bwhpc/common/jupyter/ai/2025-08-05/lib/python3.11/site-packages/pytorch_lightning/trainer/call.py", line 49, in _call_and_handle_interrupt
    return trainer_fn(*args, **kwargs)
           ^^^^^^^^^^^^^^^^^^^^^^^^^^^
  File "/opt/bwhpc/common/jupyter/ai/2025-08-05/lib/python3.11/site-packages/pytorch_lightning/trainer/trainer.py", line 598, in _fit_impl
    self._run(model, ckpt_path=ckpt_path)
  File "/opt/bwhpc/common/jupyter/ai/2025-08-05/lib/python3.11/site-packages/pytorch_lightning/trainer/trainer.py", line 987, in _run
    self.strategy.setup(self)
  File "/opt/bwhpc/common/jupyter/ai/2025-08-05/lib/python3.11/site-packages/pytorch_lightning/strategies/strategy.py", line 159, in setup
    self.setup_optimizers(trainer)
  File "/opt/bwhpc/common/jupyter/ai/2025-08-05/lib/python3.11/site-packages/pytorch_lightning/strategies/strategy.py", line 139, in setup_optimizers
    self.optimizers, self.lr_scheduler_configs = _init_optimizers_and_lr_schedulers(self.lightning_module)
                                                 ^^^^^^^^^^^^^^^^^^^^^^^^^^^^^^^^^^^^^^^^^^^^^^^^^^^^^^^^^
  File "/opt/bwhpc/common/jupyter/ai/2025-08-05/lib/python3.11/site-packages/pytorch_lightning/core/optimizer.py", line 180, in _init_optimizers_and_lr_schedulers
    optim_conf = call._call_lightning_module_hook(model.trainer, "configure_optimizers", pl_module=model)
                 ^^^^^^^^^^^^^^^^^^^^^^^^^^^^^^^^^^^^^^^^^^^^^^^^^^^^^^^^^^^^^^^^^^^^^^^^^^^^^^^^^^^^^^^^
  File "/opt/bwhpc/common/jupyter/ai/2025-08-05/lib/python3.11/site-packages/pytorch_lightning/trainer/call.py", line 177, in _call_lightning_module_hook
    output = fn(*args, **kwargs)
             ^^^^^^^^^^^^^^^^^^^
  File "/pfs/data6/home/ka/ka_stud/ka_ufszm/project/gnns/src/gnns/dgm/cdgm.py", line 256, in configure_optimizers
NameError: name 'scheduler' is not defined
