2026-02-01 02:30:45.898594: I tensorflow/core/util/port.cc:153] oneDNN custom operations are on. You may see slightly different numerical results due to floating-point round-off errors from different computation orders. To turn them off, set the environment variable `TF_ENABLE_ONEDNN_OPTS=0`.
2026-02-01 02:30:45.973416: I tensorflow/core/platform/cpu_feature_guard.cc:210] This TensorFlow binary is optimized to use available CPU instructions in performance-critical operations.
To enable the following instructions: AVX2 AVX512F AVX512_VNNI FMA, in other operations, rebuild TensorFlow with the appropriate compiler flags.
2026-02-01 02:30:49.862587: I tensorflow/core/util/port.cc:153] oneDNN custom operations are on. You may see slightly different numerical results due to floating-point round-off errors from different computation orders. To turn them off, set the environment variable `TF_ENABLE_ONEDNN_OPTS=0`.
/opt/bwhpc/common/jupyter/ai/2025-08-05/lib/python3.11/site-packages/lightning_fabric/plugins/environments/slurm.py:204: The `srun` command is available on your system but is not used. HINT: If your intention is to run Lightning on SLURM, prepend your python command with `srun` like so: srun python train.py --model_type cdgm --encoder_name google/emb ...
💡 Tip: For seamless cloud uploads and versioning, try installing [litmodels](https://pypi.org/project/litmodels/) to enable LitModelCheckpoint, which syncs automatically with the Lightning model registry.
GPU available: True (cuda), used: True
TPU available: False, using: 0 TPU cores
HPU available: False, using: 0 HPUs
You are using a CUDA device ('NVIDIA A100-PCIE-40GB') that has Tensor Cores. To properly utilize them, you should set `torch.set_float32_matmul_precision('medium' | 'high')` which will trade-off precision for performance. For more details, read https://pytorch.org/docs/stable/generated/torch.set_float32_matmul_precision.html#torch.set_float32_matmul_precision
LOCAL_RANK: 0 - CUDA_VISIBLE_DEVICES: [0]

  | Name              | Type             | Params | Mode 
---------------------------------------------------------------
0 | dropout           | Dropout          | 0      | train
1 | graph_modules     | ModuleList       | 557 K  | train
2 | diffusion_modules | ModuleList       | 344 K  | train
3 | classifier        | Sequential       | 11.0 K | train
4 | criterion         | CrossEntropyLoss | 0      | train
---------------------------------------------------------------
913 K     Trainable params
0         Non-trainable params
913 K     Total params
3.656     Total estimated model params size (MB)
39        Modules in train mode
0         Modules in eval mode
/opt/bwhpc/common/jupyter/ai/2025-08-05/lib/python3.11/site-packages/pytorch_lightning/utilities/data.py:79: Trying to infer the `batch_size` from an ambiguous collection. The batch size we found is 32. To avoid any miscalculations, use `self.log(..., batch_size=batch_size)`.
Traceback (most recent call last):
  File "/pfs/data6/home/ka/ka_stud/ka_ufszm/project/gnns/src/gnns/train.py", line 245, in <module>
    run_training_process(args)
  File "/pfs/data6/home/ka/ka_stud/ka_ufszm/project/gnns/src/gnns/train.py", line 156, in run_training_process
    trainer.fit(model, datamodule=MyDataModule())
  File "/opt/bwhpc/common/jupyter/ai/2025-08-05/lib/python3.11/site-packages/pytorch_lightning/trainer/trainer.py", line 560, in fit
    call._call_and_handle_interrupt(
  File "/opt/bwhpc/common/jupyter/ai/2025-08-05/lib/python3.11/site-packages/pytorch_lightning/trainer/call.py", line 49, in _call_and_handle_interrupt
    return trainer_fn(*args, **kwargs)
           ^^^^^^^^^^^^^^^^^^^^^^^^^^^
  File "/opt/bwhpc/common/jupyter/ai/2025-08-05/lib/python3.11/site-packages/pytorch_lightning/trainer/trainer.py", line 598, in _fit_impl
    self._run(model, ckpt_path=ckpt_path)
  File "/opt/bwhpc/common/jupyter/ai/2025-08-05/lib/python3.11/site-packages/pytorch_lightning/trainer/trainer.py", line 1011, in _run
    results = self._run_stage()
              ^^^^^^^^^^^^^^^^^
  File "/opt/bwhpc/common/jupyter/ai/2025-08-05/lib/python3.11/site-packages/pytorch_lightning/trainer/trainer.py", line 1055, in _run_stage
    self.fit_loop.run()
  File "/opt/bwhpc/common/jupyter/ai/2025-08-05/lib/python3.11/site-packages/pytorch_lightning/loops/fit_loop.py", line 216, in run
    self.advance()
  File "/opt/bwhpc/common/jupyter/ai/2025-08-05/lib/python3.11/site-packages/pytorch_lightning/loops/fit_loop.py", line 458, in advance
    self.epoch_loop.run(self._data_fetcher)
  File "/opt/bwhpc/common/jupyter/ai/2025-08-05/lib/python3.11/site-packages/pytorch_lightning/loops/training_epoch_loop.py", line 152, in run
    self.advance(data_fetcher)
  File "/opt/bwhpc/common/jupyter/ai/2025-08-05/lib/python3.11/site-packages/pytorch_lightning/loops/training_epoch_loop.py", line 348, in advance
    batch_output = self.automatic_optimization.run(trainer.optimizers[0], batch_idx, kwargs)
                   ^^^^^^^^^^^^^^^^^^^^^^^^^^^^^^^^^^^^^^^^^^^^^^^^^^^^^^^^^^^^^^^^^^^^^^^^^
  File "/opt/bwhpc/common/jupyter/ai/2025-08-05/lib/python3.11/site-packages/pytorch_lightning/loops/optimization/automatic.py", line 192, in run
    self._optimizer_step(batch_idx, closure)
  File "/opt/bwhpc/common/jupyter/ai/2025-08-05/lib/python3.11/site-packages/pytorch_lightning/loops/optimization/automatic.py", line 270, in _optimizer_step
    call._call_lightning_module_hook(
  File "/opt/bwhpc/common/jupyter/ai/2025-08-05/lib/python3.11/site-packages/pytorch_lightning/trainer/call.py", line 177, in _call_lightning_module_hook
    output = fn(*args, **kwargs)
             ^^^^^^^^^^^^^^^^^^^
  File "/opt/bwhpc/common/jupyter/ai/2025-08-05/lib/python3.11/site-packages/pytorch_lightning/core/module.py", line 1366, in optimizer_step
    optimizer.step(closure=optimizer_closure)
  File "/opt/bwhpc/common/jupyter/ai/2025-08-05/lib/python3.11/site-packages/pytorch_lightning/core/optimizer.py", line 154, in step
    step_output = self._strategy.optimizer_step(self._optimizer, closure, **kwargs)
                  ^^^^^^^^^^^^^^^^^^^^^^^^^^^^^^^^^^^^^^^^^^^^^^^^^^^^^^^^^^^^^^^^^
  File "/opt/bwhpc/common/jupyter/ai/2025-08-05/lib/python3.11/site-packages/pytorch_lightning/strategies/strategy.py", line 239, in optimizer_step
    return self.precision_plugin.optimizer_step(optimizer, model=model, closure=closure, **kwargs)
           ^^^^^^^^^^^^^^^^^^^^^^^^^^^^^^^^^^^^^^^^^^^^^^^^^^^^^^^^^^^^^^^^^^^^^^^^^^^^^^^^^^^^^^^
  File "/opt/bwhpc/common/jupyter/ai/2025-08-05/lib/python3.11/site-packages/pytorch_lightning/plugins/precision/precision.py", line 123, in optimizer_step
    return optimizer.step(closure=closure, **kwargs)
           ^^^^^^^^^^^^^^^^^^^^^^^^^^^^^^^^^^^^^^^^^
  File "/opt/bwhpc/common/jupyter/ai/2025-08-05/lib/python3.11/site-packages/torch/optim/lr_scheduler.py", line 133, in wrapper
    return func.__get__(opt, opt.__class__)(*args, **kwargs)
           ^^^^^^^^^^^^^^^^^^^^^^^^^^^^^^^^^^^^^^^^^^^^^^^^^
  File "/opt/bwhpc/common/jupyter/ai/2025-08-05/lib/python3.11/site-packages/torch/optim/optimizer.py", line 516, in wrapper
    out = func(*args, **kwargs)
          ^^^^^^^^^^^^^^^^^^^^^
  File "/opt/bwhpc/common/jupyter/ai/2025-08-05/lib/python3.11/site-packages/torch/optim/optimizer.py", line 81, in _use_grad
    ret = func(*args, **kwargs)
          ^^^^^^^^^^^^^^^^^^^^^
  File "/opt/bwhpc/common/jupyter/ai/2025-08-05/lib/python3.11/site-packages/torch/optim/adam.py", line 226, in step
    loss = closure()
           ^^^^^^^^^
  File "/opt/bwhpc/common/jupyter/ai/2025-08-05/lib/python3.11/site-packages/pytorch_lightning/plugins/precision/precision.py", line 109, in _wrap_closure
    closure_result = closure()
                     ^^^^^^^^^
  File "/opt/bwhpc/common/jupyter/ai/2025-08-05/lib/python3.11/site-packages/pytorch_lightning/loops/optimization/automatic.py", line 146, in __call__
    self._result = self.closure(*args, **kwargs)
                   ^^^^^^^^^^^^^^^^^^^^^^^^^^^^^
  File "/opt/bwhpc/common/jupyter/ai/2025-08-05/lib/python3.11/site-packages/torch/utils/_contextlib.py", line 120, in decorate_context
    return func(*args, **kwargs)
           ^^^^^^^^^^^^^^^^^^^^^
  File "/opt/bwhpc/common/jupyter/ai/2025-08-05/lib/python3.11/site-packages/pytorch_lightning/loops/optimization/automatic.py", line 140, in closure
    self._backward_fn(step_output.closure_loss)
  File "/opt/bwhpc/common/jupyter/ai/2025-08-05/lib/python3.11/site-packages/pytorch_lightning/loops/optimization/automatic.py", line 241, in backward_fn
    call._call_strategy_hook(self.trainer, "backward", loss, optimizer)
  File "/opt/bwhpc/common/jupyter/ai/2025-08-05/lib/python3.11/site-packages/pytorch_lightning/trainer/call.py", line 329, in _call_strategy_hook
    output = fn(*args, **kwargs)
             ^^^^^^^^^^^^^^^^^^^
  File "/opt/bwhpc/common/jupyter/ai/2025-08-05/lib/python3.11/site-packages/pytorch_lightning/strategies/strategy.py", line 213, in backward
    self.precision_plugin.backward(closure_loss, self.lightning_module, optimizer, *args, **kwargs)
  File "/opt/bwhpc/common/jupyter/ai/2025-08-05/lib/python3.11/site-packages/pytorch_lightning/plugins/precision/precision.py", line 73, in backward
    model.backward(tensor, *args, **kwargs)
  File "/opt/bwhpc/common/jupyter/ai/2025-08-05/lib/python3.11/site-packages/pytorch_lightning/core/module.py", line 1135, in backward
    loss.backward(*args, **kwargs)
  File "/opt/bwhpc/common/jupyter/ai/2025-08-05/lib/python3.11/site-packages/torch/_tensor.py", line 647, in backward
    torch.autograd.backward(
  File "/opt/bwhpc/common/jupyter/ai/2025-08-05/lib/python3.11/site-packages/torch/autograd/__init__.py", line 354, in backward
    _engine_run_backward(
  File "/opt/bwhpc/common/jupyter/ai/2025-08-05/lib/python3.11/site-packages/torch/autograd/graph.py", line 829, in _engine_run_backward
    return Variable._execution_engine.run_backward(  # Calls into the C++ engine to run the backward pass
           ^^^^^^^^^^^^^^^^^^^^^^^^^^^^^^^^^^^^^^^^^^^^^^^^^^^^^^^^^^^^^^^^^^^^^^^^^^^^^^^^^^^^^^^^^^^^^^
torch.OutOfMemoryError: CUDA out of memory. Tried to allocate 4.00 GiB. GPU 0 has a total capacity of 39.49 GiB of which 2.49 GiB is free. Including non-PyTorch memory, this process has 36.97 GiB memory in use. Of the allocated memory 36.39 GiB is allocated by PyTorch, and 89.64 MiB is reserved by PyTorch but unallocated. If reserved but unallocated memory is large try setting PYTORCH_CUDA_ALLOC_CONF=expandable_segments:True to avoid fragmentation.  See documentation for Memory Management  (https://pytorch.org/docs/stable/notes/cuda.html#environment-variables)
