GpuFreq=control_disabled
💡 Tip: For seamless cloud uploads and versioning, try installing [litmodels](https://pypi.org/project/litmodels/) to enable LitModelCheckpoint, which syncs automatically with the Lightning model registry.
GPU available: True (cuda), used: True
TPU available: False, using: 0 TPU cores
You are using a CUDA device ('NVIDIA H100') that has Tensor Cores. To properly utilize them, you should set `torch.set_float32_matmul_precision('medium' | 'high')` which will trade-off precision for performance. For more details, read https://pytorch.org/docs/stable/generated/torch.set_float32_matmul_precision.html#torch.set_float32_matmul_precision
LOCAL_RANK: 0 - CUDA_VISIBLE_DEVICES: [0]

  | Name    | Type       | Params | Mode  | FLOPs
-------------------------------------------------------
0 | pre_fc  | MLP        | 196 K  | train | 0    
1 | graph_f | ModuleList | 41.2 K | train | 0    
2 | node_g  | ModuleList | 33.2 K | train | 0    
3 | fc      | MLP        | 9.6 K  | train | 0    
-------------------------------------------------------
280 K     Trainable params
0         Non-trainable params
280 K     Total params
1.123     Total estimated model params size (MB)
20        Modules in train mode
0         Modules in eval mode
0         Total Flops
SLURM auto-requeueing enabled. Setting signal handlers.
/pfs/data6/home/ka/ka_stud/ka_ufszm/.cache/pypoetry/virtualenvs/gnns-tZ7_1okr-py3.11/lib/python3.11/site-packages/pytorch_lightning/utilities/_pytree.py:21: `isinstance(treespec, LeafSpec)` is deprecated, use `isinstance(treespec, TreeSpec) and treespec.is_leaf()` instead.
/pfs/data6/home/ka/ka_stud/ka_ufszm/.cache/pypoetry/virtualenvs/gnns-tZ7_1okr-py3.11/lib/python3.11/site-packages/pytorch_lightning/utilities/data.py:79: Trying to infer the `batch_size` from an ambiguous collection. The batch size we found is 16. To avoid any miscalculations, use `self.log(..., batch_size=batch_size)`.
/pfs/data6/home/ka/ka_stud/ka_ufszm/.cache/pypoetry/virtualenvs/gnns-tZ7_1okr-py3.11/lib/python3.11/site-packages/pytorch_lightning/utilities/data.py:79: Trying to infer the `batch_size` from an ambiguous collection. The batch size we found is 7. To avoid any miscalculations, use `self.log(..., batch_size=batch_size)`.
Metric val_acc improved. New best score: 6.275
Metric val_acc improved by 16.129 >= min_delta = 0.001. New best score: 22.404
Metric val_acc improved by 19.090 >= min_delta = 0.001. New best score: 41.494
Metric val_acc improved by 8.926 >= min_delta = 0.001. New best score: 50.420
Metric val_acc improved by 7.424 >= min_delta = 0.001. New best score: 57.844
Metric val_acc improved by 4.728 >= min_delta = 0.001. New best score: 62.572
Metric val_acc improved by 2.519 >= min_delta = 0.001. New best score: 65.091
Metric val_acc improved by 1.281 >= min_delta = 0.001. New best score: 66.372
Metric val_acc improved by 1.193 >= min_delta = 0.001. New best score: 67.565
Metric val_acc improved by 1.370 >= min_delta = 0.001. New best score: 68.935
Metric val_acc improved by 0.751 >= min_delta = 0.001. New best score: 69.686
Metric val_acc improved by 0.795 >= min_delta = 0.001. New best score: 70.482
Metric val_acc improved by 0.707 >= min_delta = 0.001. New best score: 71.189
Metric val_acc improved by 0.398 >= min_delta = 0.001. New best score: 71.586
Metric val_acc improved by 0.663 >= min_delta = 0.001. New best score: 72.249
Metric val_acc improved by 0.574 >= min_delta = 0.001. New best score: 72.824
Metric val_acc improved by 0.619 >= min_delta = 0.001. New best score: 73.442
Metric val_acc improved by 0.044 >= min_delta = 0.001. New best score: 73.487
Metric val_acc improved by 0.265 >= min_delta = 0.001. New best score: 73.752
Metric val_acc improved by 0.177 >= min_delta = 0.001. New best score: 73.928
Metric val_acc improved by 0.265 >= min_delta = 0.001. New best score: 74.194
Metric val_acc improved by 0.177 >= min_delta = 0.001. New best score: 74.370
Metric val_acc improved by 0.707 >= min_delta = 0.001. New best score: 75.077
Metric val_acc improved by 0.044 >= min_delta = 0.001. New best score: 75.122
Metric val_acc improved by 0.133 >= min_delta = 0.001. New best score: 75.254
Metric val_acc improved by 0.398 >= min_delta = 0.001. New best score: 75.652
Metric val_acc improved by 0.265 >= min_delta = 0.001. New best score: 75.917
Metric val_acc improved by 0.044 >= min_delta = 0.001. New best score: 75.961
Metric val_acc improved by 0.133 >= min_delta = 0.001. New best score: 76.094
Metric val_acc improved by 0.044 >= min_delta = 0.001. New best score: 76.138
Metric val_acc improved by 0.663 >= min_delta = 0.001. New best score: 76.801
Metric val_acc improved by 0.133 >= min_delta = 0.001. New best score: 76.933
Metric val_acc improved by 0.044 >= min_delta = 0.001. New best score: 76.977
Metric val_acc improved by 0.177 >= min_delta = 0.001. New best score: 77.154
Metric val_acc improved by 0.309 >= min_delta = 0.001. New best score: 77.464
Metric val_acc improved by 0.044 >= min_delta = 0.001. New best score: 77.508
Metric val_acc improved by 0.663 >= min_delta = 0.001. New best score: 78.171
`Trainer.fit` stopped: `max_epochs=100` reached.
LOCAL_RANK: 0 - CUDA_VISIBLE_DEVICES: [0]
SLURM auto-requeueing enabled. Setting signal handlers.
/pfs/data6/home/ka/ka_stud/ka_ufszm/.cache/pypoetry/virtualenvs/gnns-tZ7_1okr-py3.11/lib/python3.11/site-packages/pytorch_lightning/utilities/data.py:79: Trying to infer the `batch_size` from an ambiguous collection. The batch size we found is 12. To avoid any miscalculations, use `self.log(..., batch_size=batch_size)`.
