Loading 20newsgroups test data...
Processing document 0/7532...
Processing document 500/7532...
Processing document 1000/7532...
Processing document 1500/7532...
Processing document 2000/7532...
Processing document 2500/7532...
Processing document 3000/7532...
Processing document 3500/7532...
Processing document 4000/7532...
Processing document 4500/7532...
Processing document 5000/7532...
Processing document 5500/7532...
Processing document 6000/7532...
Processing document 6500/7532...
Processing document 7000/7532...
Processing document 7500/7532...

=== Sample 3 ===
True: talk.politics.mideast | Pred: alt.atheism
Num nodes: 256, Total edges in adj: 5837
Graph stats: 256 nodes, 5819 edges
Top 10 hubs: [('▁were', 63), ('\n', 59), ('▁thinks', 58), ('▁to', 58), ('Arab', 57), ('or', 57), ('▁doing', 56), ('▁▁', 55), ('▁(', 55), ('▁killed', 55)]

=== Sample 4 ===
True: talk.religion.misc | Pred: alt.atheism
Num nodes: 24, Total edges in adj: 43
Graph stats: 24 nodes, 41 edges
Top 10 hubs: [('▁moral', 8), ('objective', 6), ('▁exists', 6), ('.', 6), ('<eos>', 5), ('▁just', 4), ('▁months', 4), ('▁that', 4), ('▁thing', 4), ('▁an', 4)]

============================= JOB FEEDBACK =============================

NodeName=uc2n561
Job ID: 3066780
Cluster: uc3
User/Group: ka_ufszm/ka_stud
State: COMPLETED (exit code 0)
Nodes: 1
Cores per node: 16
CPU Utilized: 00:04:44
CPU Efficiency: 5.58% of 01:24:48 core-walltime
Job Wall-clock time: 00:05:18
Memory Utilized: 6.69 GB
Memory Efficiency: 5.37% of 124.51 GB (124.51 GB/node)
