Loading 20newsgroups train data...
Processing document 0/9051...
Processing document 500/9051...
Processing document 1000/9051...
Processing document 1500/9051...
Processing document 2000/9051...
Processing document 2500/9051...
Processing document 3000/9051...
Processing document 3500/9051...
Processing document 4000/9051...
Processing document 4500/9051...
Processing document 5000/9051...
Processing document 5500/9051...
Processing document 6000/9051...
Processing document 6500/9051...
Processing document 7000/9051...
Processing document 7500/9051...
Processing document 8000/9051...
Processing document 8500/9051...
Processing document 9000/9051...
Loading 20newsgroups train data...
Processing document 0/2263...
Processing document 500/2263...
Processing document 1000/2263...
Processing document 1500/2263...
Processing document 2000/2263...
Loading 20newsgroups test data...
Processing document 0/7532...
Processing document 500/7532...
Processing document 1000/7532...
Processing document 1500/7532...
Processing document 2000/7532...
Processing document 2500/7532...
Processing document 3000/7532...
Processing document 3500/7532...
Processing document 4000/7532...
Processing document 4500/7532...
Processing document 5000/7532...
Processing document 5500/7532...
Processing document 6000/7532...
Processing document 6500/7532...
Processing document 7000/7532...
Processing document 7500/7532...
LOGGING

============================= JOB FEEDBACK =============================

NodeName=uc3n082
Job ID: 3066744
Cluster: uc3
User/Group: ka_ufszm/ka_stud
State: FAILED (exit code 1)
Nodes: 1
Cores per node: 16
CPU Utilized: 00:07:30
CPU Efficiency: 5.74% of 02:10:40 core-walltime
Job Wall-clock time: 00:08:10
Memory Utilized: 14.99 GB
Memory Efficiency: 12.04% of 124.51 GB (124.51 GB/node)
