Loading MRD train data...
[ Max seq length: 2603 ]
[ Min seq length: 9 ]
[ Mean seq length: 429 ]
[ Train: 3003, Dev: 1001, Test: 1002 ]
Loaded 3003 train instances
Processing document 0/3003...
Processing document 500/3003...
Processing document 1000/3003...
Processing document 1500/3003...
Processing document 2000/3003...
Processing document 2500/3003...
Processing document 3000/3003...
Loading MRD val data...
[ Max seq length: 2603 ]
[ Min seq length: 9 ]
[ Mean seq length: 429 ]
[ Train: 3003, Dev: 1001, Test: 1002 ]
Loaded 1001 val instances
Processing document 0/1001...
Processing document 500/1001...
Processing document 1000/1001...
Loading MRD test data...
[ Max seq length: 2603 ]
[ Min seq length: 9 ]
[ Mean seq length: 429 ]
[ Train: 3003, Dev: 1001, Test: 1002 ]
Loaded 1002 test instances
Processing document 0/1002...
Processing document 500/1002...
Processing document 1000/1002...

============================= JOB FEEDBACK =============================

NodeName=uc3n082
Job ID: 3067219
Cluster: uc3
User/Group: ka_ufszm/ka_stud
State: FAILED (exit code 1)
Nodes: 1
Cores per node: 16
CPU Utilized: 00:02:17
CPU Efficiency: 5.29% of 00:43:12 core-walltime
Job Wall-clock time: 00:02:42
Memory Utilized: 12.84 GB
Memory Efficiency: 10.31% of 124.51 GB (124.51 GB/node)
