Loading MRD test data...
[ Max seq length: 2603 ]
[ Min seq length: 9 ]
[ Mean seq length: 429 ]
[ Train: 3003, Dev: 1001, Test: 1002 ]
Loaded 1002 test instances
Processing document 0/1002...
Processing document 500/1002...
Processing document 1000/1002...

============================= JOB FEEDBACK =============================

NodeName=uc3n082
Job ID: 3068971
Cluster: uc3
User/Group: ka_ufszm/ka_stud
State: FAILED (exit code 1)
Nodes: 1
Cores per node: 16
CPU Utilized: 00:00:16
CPU Efficiency: 2.56% of 00:10:24 core-walltime
Job Wall-clock time: 00:00:39
Memory Utilized: 941.92 MB
Memory Efficiency: 0.74% of 124.51 GB (124.51 GB/node)
