GpuFreq=control_disabled
usage: train_v2.py [-h] [--model_type {baseline,dgm}]
                   [--encoder_name ENCODER_NAME] [--dataset {20news,mrd}]
                   [--task {classification,regression}]
                   [--max_length MAX_LENGTH] [--val_split VAL_SPLIT]
                   [--batch_size BATCH_SIZE] [--num_workers NUM_WORKERS]
                   [--freeze_encoder] [--remove_punctualization]
                   [--conv_layers CONV_LAYERS] [--dgm_layers DGM_LAYERS]
                   [--fc_layers FC_LAYERS] [--pre_fc PRE_FC] [--k K]
                   [--distance {euclidean,hyperbolic}] [--use_continuous_dgm]
                   [--gfun {gcn,gat,edgeconv}] [--ffun {gcn,gat,mlp,knn}]
                   [--lambda_sparse LAMBDA_SPARSE]
                   [--lambda_connect LAMBDA_CONNECT]
                   [--lambda_entropy LAMBDA_ENTROPY]
                   [--lambda_locality LAMBDA_LOCALITY]
                   [--pooling {mean,max,cls,sum}] [--dropout DROPOUT]
                   [--lr LR] [--max_epochs MAX_EPOCHS] [--patience PATIENCE]
                   [--test_eval TEST_EVAL] [--weight_decay WEIGHT_DECAY]
                   [--resume_from_checkpoint RESUME_FROM_CHECKPOINT]
train_v2.py: error: argument --model_type: invalid choice: 'cdgm' (choose from 'baseline', 'dgm')
srun: error: uc3n082: task 0: Exited with exit code 2
