Loading MRD train data...
[ Max seq length: 2603 ]
[ Min seq length: 9 ]
[ Mean seq length: 429 ]
[ Train: 3003, Dev: 1001, Test: 1002 ]
Loaded 3003 train instances
Processing document 0/3003...
Processing document 500/3003...
Processing document 1000/3003...
Processing document 1500/3003...
Processing document 2000/3003...
Processing document 2500/3003...
Processing document 3000/3003...
Loading MRD val data...
[ Max seq length: 2603 ]
[ Min seq length: 9 ]
[ Mean seq length: 429 ]
[ Train: 3003, Dev: 1001, Test: 1002 ]
Loaded 1001 val instances
Processing document 0/1001...
Processing document 500/1001...
Processing document 1000/1001...
Loading MRD test data...
[ Max seq length: 2603 ]
[ Min seq length: 9 ]
[ Mean seq length: 429 ]
[ Train: 3003, Dev: 1001, Test: 1002 ]
Loaded 1002 test instances
Processing document 0/1002...
Processing document 500/1002...
Processing document 1000/1002...
LOGGING
Sanity Checking: |          | 0/? [00:00<?, ?it/s]Sanity Checking: |          | 0/? [00:00<?, ?it/s]Sanity Checking DataLoader 0:   0%|          | 0/2 [00:00<?, ?it/s]                                                                   
============================= JOB FEEDBACK =============================

NodeName=uc3n082
Job ID: 3070052
Cluster: uc3
User/Group: ka_ufszm/ka_stud
State: FAILED (exit code 1)
Nodes: 1
Cores per node: 16
CPU Utilized: 00:00:37
CPU Efficiency: 3.79% of 00:16:16 core-walltime
Job Wall-clock time: 00:01:01
Memory Utilized: 6.92 GB
Memory Efficiency: 5.56% of 124.51 GB (124.51 GB/node)
