Loading 20newsgroups train data...
Processing document 0/9051...
Processing document 500/9051...
Processing document 1000/9051...
Processing document 1500/9051...
Processing document 2000/9051...
Processing document 2500/9051...
Processing document 3000/9051...
Processing document 3500/9051...
Processing document 4000/9051...
Processing document 4500/9051...
Processing document 5000/9051...
Processing document 5500/9051...
Processing document 6000/9051...
Processing document 6500/9051...
Processing document 7000/9051...
Processing document 7500/9051...
Processing document 8000/9051...
Processing document 8500/9051...
Processing document 9000/9051...
Loading 20newsgroups train data...
Processing document 0/2263...
Processing document 500/2263...
Processing document 1000/2263...
Processing document 1500/2263...
Processing document 2000/2263...
Loading 20newsgroups test data...
Processing document 0/7532...
Processing document 500/7532...
Processing document 1000/7532...
Processing document 1500/7532...
Processing document 2000/7532...
Processing document 2500/7532...
Processing document 3000/7532...
Processing document 3500/7532...
Processing document 4000/7532...
Processing document 4500/7532...
Processing document 5000/7532...
Processing document 5500/7532...
Processing document 6000/7532...
Processing document 6500/7532...
Processing document 7000/7532...
Processing document 7500/7532...
LOGGING
Sanity Checking: |          | 0/? [00:00<?, ?it/s]Sanity Checking: |          | 0/? [00:00<?, ?it/s]Sanity Checking DataLoader 0:   0%|          | 0/2 [00:00<?, ?it/s]Sanity Checking DataLoader 0:  50%|█████     | 1/2 [00:00<00:00,  3.54it/s]Sanity Checking DataLoader 0: 100%|██████████| 2/2 [00:00<00:00,  5.53it/s]                                                                           Training: |          | 0/? [00:00<?, ?it/s]Training: |          | 0/? [00:00<?, ?it/s]Epoch 0:   0%|          | 0/283 [00:00<?, ?it/s]Epoch 0:   0%|          | 0/283 [00:01<?, ?it/s]
============================= JOB FEEDBACK =============================

NodeName=uc2n564
Job ID: 3137978
Cluster: uc3
User/Group: ka_ufszm/ka_stud
State: FAILED (exit code 1)
Nodes: 1
Cores per node: 16
CPU Utilized: 00:02:38
CPU Efficiency: 5.58% of 00:47:12 core-walltime
Job Wall-clock time: 00:02:57
Memory Utilized: 27.73 GB
Memory Efficiency: 22.27% of 124.51 GB (124.51 GB/node)
