GpuFreq=control_disabled
💡 Tip: For seamless cloud uploads and versioning, try installing [litmodels](https://pypi.org/project/litmodels/) to enable LitModelCheckpoint, which syncs automatically with the Lightning model registry.
GPU available: True (cuda), used: True
TPU available: False, using: 0 TPU cores
You are using a CUDA device ('NVIDIA A100-PCIE-40GB') that has Tensor Cores. To properly utilize them, you should set `torch.set_float32_matmul_precision('medium' | 'high')` which will trade-off precision for performance. For more details, read https://pytorch.org/docs/stable/generated/torch.set_float32_matmul_precision.html#torch.set_float32_matmul_precision
Restoring states from the checkpoint path at ./logs_20news/dDGM_distilbert-base-uncased_k10_gat_euclidean_poolmean/version_7/checkpoints/epoch=68-step=19527.ckpt
Traceback (most recent call last):
  File "/pfs/data6/home/ka/ka_stud/ka_ufszm/project/gnns/src/gnns/train_v2.py", line 260, in <module>
    run_training_process(args)
  File "/pfs/data6/home/ka/ka_stud/ka_ufszm/project/gnns/src/gnns/train_v2.py", line 161, in run_training_process
    trainer.fit(model, datamodule=MyDataModule(),
  File "/pfs/data6/home/ka/ka_stud/ka_ufszm/.cache/pypoetry/virtualenvs/gnns-tZ7_1okr-py3.11/lib/python3.11/site-packages/pytorch_lightning/trainer/trainer.py", line 584, in fit
    call._call_and_handle_interrupt(
  File "/pfs/data6/home/ka/ka_stud/ka_ufszm/.cache/pypoetry/virtualenvs/gnns-tZ7_1okr-py3.11/lib/python3.11/site-packages/pytorch_lightning/trainer/call.py", line 49, in _call_and_handle_interrupt
    return trainer_fn(*args, **kwargs)
           ^^^^^^^^^^^^^^^^^^^^^^^^^^^
  File "/pfs/data6/home/ka/ka_stud/ka_ufszm/.cache/pypoetry/virtualenvs/gnns-tZ7_1okr-py3.11/lib/python3.11/site-packages/pytorch_lightning/trainer/trainer.py", line 630, in _fit_impl
    self._run(model, ckpt_path=ckpt_path, weights_only=weights_only)
  File "/pfs/data6/home/ka/ka_stud/ka_ufszm/.cache/pypoetry/virtualenvs/gnns-tZ7_1okr-py3.11/lib/python3.11/site-packages/pytorch_lightning/trainer/trainer.py", line 1046, in _run
    self._checkpoint_connector._restore_modules_and_callbacks(ckpt_path, weights_only)
  File "/pfs/data6/home/ka/ka_stud/ka_ufszm/.cache/pypoetry/virtualenvs/gnns-tZ7_1okr-py3.11/lib/python3.11/site-packages/pytorch_lightning/trainer/connectors/checkpoint_connector.py", line 411, in _restore_modules_and_callbacks
    self.restore_model()
  File "/pfs/data6/home/ka/ka_stud/ka_ufszm/.cache/pypoetry/virtualenvs/gnns-tZ7_1okr-py3.11/lib/python3.11/site-packages/pytorch_lightning/trainer/connectors/checkpoint_connector.py", line 286, in restore_model
    self.trainer.strategy.load_model_state_dict(
  File "/pfs/data6/home/ka/ka_stud/ka_ufszm/.cache/pypoetry/virtualenvs/gnns-tZ7_1okr-py3.11/lib/python3.11/site-packages/pytorch_lightning/strategies/strategy.py", line 372, in load_model_state_dict
    self.lightning_module.load_state_dict(checkpoint["state_dict"], strict=strict)
  File "/pfs/data6/home/ka/ka_stud/ka_ufszm/.cache/pypoetry/virtualenvs/gnns-tZ7_1okr-py3.11/lib64/python3.11/site-packages/torch/nn/modules/module.py", line 2635, in load_state_dict
    raise RuntimeError(
RuntimeError: Error(s) in loading state_dict for DGM_Model:
	Unexpected key(s) in state_dict: "fc.mlp.2.weight", "fc.mlp.2.bias". 
	size mismatch for fc.mlp.0.weight: copying a param with shape torch.Size([128, 256]) from checkpoint, the shape in current model is torch.Size([20, 256]).
	size mismatch for fc.mlp.0.bias: copying a param with shape torch.Size([128]) from checkpoint, the shape in current model is torch.Size([20]).
srun: error: uc2n564: task 0: Exited with exit code 1
