GpuFreq=control_disabled
GPU available: True (cuda), used: True
TPU available: False, using: 0 TPU cores
You are using a CUDA device ('NVIDIA A100-PCIE-40GB') that has Tensor Cores. To properly utilize them, you should set `torch.set_float32_matmul_precision('medium' | 'high')` which will trade-off precision for performance. For more details, read https://pytorch.org/docs/stable/generated/torch.set_float32_matmul_precision.html#torch.set_float32_matmul_precision
LOCAL_RANK: 0 - CUDA_VISIBLE_DEVICES: [0]

  | Name    | Type       | Params | Mode  | FLOPs
-------------------------------------------------------
0 | graph_f | ModuleList | 656 K  | train | 0    
1 | node_g  | ModuleList | 658 K  | train | 0    
2 | fc      | MLP        | 10.3 K | train | 0    
-------------------------------------------------------
1.3 M     Trainable params
0         Non-trainable params
1.3 M     Total params
5.300     Total estimated model params size (MB)
19        Modules in train mode
0         Modules in eval mode
0         Total Flops
SLURM auto-requeueing enabled. Setting signal handlers.
/pfs/data6/home/ka/ka_stud/ka_ufszm/.cache/pypoetry/virtualenvs/gnns-tZ7_1okr-py3.11/lib/python3.11/site-packages/pytorch_lightning/utilities/_pytree.py:21: `isinstance(treespec, LeafSpec)` is deprecated, use `isinstance(treespec, TreeSpec) and treespec.is_leaf()` instead.
/pfs/data6/home/ka/ka_stud/ka_ufszm/.cache/pypoetry/virtualenvs/gnns-tZ7_1okr-py3.11/lib/python3.11/site-packages/pytorch_lightning/utilities/data.py:79: Trying to infer the `batch_size` from an ambiguous collection. The batch size we found is 32. To avoid any miscalculations, use `self.log(..., batch_size=batch_size)`.
/pfs/data6/home/ka/ka_stud/ka_ufszm/.cache/pypoetry/virtualenvs/gnns-tZ7_1okr-py3.11/lib/python3.11/site-packages/pytorch_lightning/utilities/data.py:79: Trying to infer the `batch_size` from an ambiguous collection. The batch size we found is 23. To avoid any miscalculations, use `self.log(..., batch_size=batch_size)`.
Metric val_acc improved. New best score: 71.852
Epoch 0, global step 283: 'val_loss' reached 0.94943 (best 0.94943), saving model to './logs_20news/dDGM_google-embeddinggemma-300m_k10_gat_euclidean_poolmean/version_1/checkpoints/epoch=0-step=283.ckpt' as top 1
Metric val_acc improved by 1.723 >= min_delta = 0.001. New best score: 73.575
Epoch 1, global step 566: 'val_loss' reached 0.88966 (best 0.88966), saving model to './logs_20news/dDGM_google-embeddinggemma-300m_k10_gat_euclidean_poolmean/version_1/checkpoints/epoch=1-step=566.ckpt' as top 1
Epoch 2, global step 849: 'val_loss' was not in top 1
Epoch 3, global step 1132: 'val_loss' reached 0.88788 (best 0.88788), saving model to './logs_20news/dDGM_google-embeddinggemma-300m_k10_gat_euclidean_poolmean/version_1/checkpoints/epoch=3-step=1132.ckpt' as top 1
srun: Job step aborted: Waiting up to 32 seconds for job step to finish.
slurmstepd: error: *** JOB 3141671 ON uc2n564 CANCELLED AT 2026-02-08T17:11:43 ***
slurmstepd: error: *** STEP 3141671.0 ON uc2n564 CANCELLED AT 2026-02-08T17:11:43 ***
[rank: 0] Received SIGTERM: 15
Bypassing SIGTERM: 15
