GpuFreq=control_disabled
GPU available: True (cuda), used: True
TPU available: False, using: 0 TPU cores
You are using a CUDA device ('NVIDIA A100-PCIE-40GB') that has Tensor Cores. To properly utilize them, you should set `torch.set_float32_matmul_precision('medium' | 'high')` which will trade-off precision for performance. For more details, read https://pytorch.org/docs/stable/generated/torch.set_float32_matmul_precision.html#torch.set_float32_matmul_precision
Restoring states from the checkpoint path at ./logs_20news/cDGM_google-embeddinggemma-300m_k15_gat_euclidean_poolmean/version_1/checkpoints/last.ckpt
/pfs/data6/home/ka/ka_stud/ka_ufszm/.cache/pypoetry/virtualenvs/gnns-tZ7_1okr-py3.11/lib/python3.11/site-packages/pytorch_lightning/callbacks/model_checkpoint.py:566: The dirpath has changed from './logs_20news/cDGM_google-embeddinggemma-300m_k15_gat_euclidean_poolmean/version_1/checkpoints' to './logs_20news/cDGM_google-embeddinggemma-300m_k15_gat_euclidean_poolmean/version_5/checkpoints', therefore `best_model_score`, `kth_best_model_path`, `kth_value`, `last_model_path` and `best_k_models` won't be reloaded. Only `best_model_path` will be reloaded.
LOCAL_RANK: 0 - CUDA_VISIBLE_DEVICES: [0]

  | Name    | Type       | Params | Mode  | FLOPs
-------------------------------------------------------
0 | pre_fc  | MLP        | 393 K  | train | 0    
1 | graph_f | ModuleList | 262 K  | train | 0    
2 | node_g  | ModuleList | 263 K  | train | 0    
3 | fc      | MLP        | 10.3 K | train | 0    
-------------------------------------------------------
930 K     Trainable params
1         Non-trainable params
930 K     Total params
3.721     Total estimated model params size (MB)
16        Modules in train mode
0         Modules in eval mode
0         Total Flops
Restored all states from the checkpoint at ./logs_20news/cDGM_google-embeddinggemma-300m_k15_gat_euclidean_poolmean/version_1/checkpoints/last.ckpt
SLURM auto-requeueing enabled. Setting signal handlers.
/pfs/data6/home/ka/ka_stud/ka_ufszm/.cache/pypoetry/virtualenvs/gnns-tZ7_1okr-py3.11/lib/python3.11/site-packages/pytorch_lightning/utilities/_pytree.py:21: `isinstance(treespec, LeafSpec)` is deprecated, use `isinstance(treespec, TreeSpec) and treespec.is_leaf()` instead.
/pfs/data6/home/ka/ka_stud/ka_ufszm/.cache/pypoetry/virtualenvs/gnns-tZ7_1okr-py3.11/lib/python3.11/site-packages/pytorch_lightning/utilities/data.py:79: Trying to infer the `batch_size` from an ambiguous collection. The batch size we found is 32. To avoid any miscalculations, use `self.log(..., batch_size=batch_size)`.
/pfs/data6/home/ka/ka_stud/ka_ufszm/.cache/pypoetry/virtualenvs/gnns-tZ7_1okr-py3.11/lib/python3.11/site-packages/pytorch_lightning/utilities/data.py:79: Trying to infer the `batch_size` from an ambiguous collection. The batch size we found is 23. To avoid any miscalculations, use `self.log(..., batch_size=batch_size)`.
Epoch 9, global step 2830: 'val_loss' reached 0.81115 (best 0.81115), saving model to './logs_20news/cDGM_google-embeddinggemma-300m_k15_gat_euclidean_poolmean/version_5/checkpoints/epoch=9-step=2830.ckpt' as top 1
Epoch 10, global step 3113: 'val_loss' was not in top 1
Epoch 11, global step 3396: 'val_loss' was not in top 1
Monitored metric val_acc did not improve in the last 10 records. Best score: 76.977. Signaling Trainer to stop.
Epoch 12, global step 3679: 'val_loss' was not in top 1
LOCAL_RANK: 0 - CUDA_VISIBLE_DEVICES: [0]
SLURM auto-requeueing enabled. Setting signal handlers.
/pfs/data6/home/ka/ka_stud/ka_ufszm/.cache/pypoetry/virtualenvs/gnns-tZ7_1okr-py3.11/lib/python3.11/site-packages/pytorch_lightning/utilities/data.py:79: Trying to infer the `batch_size` from an ambiguous collection. The batch size we found is 12. To avoid any miscalculations, use `self.log(..., batch_size=batch_size)`.
