Loading 20newsgroups test data...
Processing document 0/7532...
Processing document 500/7532...
Processing document 1000/7532...
Processing document 1500/7532...
Processing document 2000/7532...
Processing document 2500/7532...
Processing document 3000/7532...
Processing document 3500/7532...
Processing document 4000/7532...
Processing document 4500/7532...
Processing document 5000/7532...
Processing document 5500/7532...
Processing document 6000/7532...
Processing document 6500/7532...
Processing document 7000/7532...
Processing document 7500/7532...

=== Sample 0 ===
True: rec.autos | Pred: rec.autos
Num nodes: 123
Adjacency stats: min=0.000, max=0.881, mean=0.189
Graph: 123 nodes, 1464 edges (threshold=0.5)
Top hubs: [('▁how', 63), ('▁the', 62), ('▁usually', 60), ('▁And', 59), ('.', 59), ('▁how', 58), ('.', 57), ('.', 56), ('▁are', 56), ('▁this', 56)]

============================= JOB FEEDBACK =============================

NodeName=uc2n564
Job ID: 3143715
Cluster: uc3
User/Group: ka_ufszm/ka_stud
State: FAILED (exit code 1)
Nodes: 1
Cores per node: 16
CPU Utilized: 00:05:02
CPU Efficiency: 5.50% of 01:31:28 core-walltime
Job Wall-clock time: 00:05:43
Memory Utilized: 12.03 GB
Memory Efficiency: 9.66% of 124.51 GB (124.51 GB/node)
