GpuFreq=control_disabled
GPU available: True (cuda), used: True
TPU available: False, using: 0 TPU cores
You are using a CUDA device ('NVIDIA A100-PCIE-40GB') that has Tensor Cores. To properly utilize them, you should set `torch.set_float32_matmul_precision('medium' | 'high')` which will trade-off precision for performance. For more details, read https://pytorch.org/docs/stable/generated/torch.set_float32_matmul_precision.html#torch.set_float32_matmul_precision
Restoring states from the checkpoint path at ./logs_20news/cDGM_google-embeddinggemma-300m_k15_gat_euclidean_poolmean/version_1/checkpoints/last.ckpt
/pfs/data6/home/ka/ka_stud/ka_ufszm/.cache/pypoetry/virtualenvs/gnns-tZ7_1okr-py3.11/lib/python3.11/site-packages/pytorch_lightning/callbacks/model_checkpoint.py:566: The dirpath has changed from './logs_20news/cDGM_google-embeddinggemma-300m_k15_gat_euclidean_poolmean/version_1/checkpoints' to './logs_20news/cDGM_google-embeddinggemma-300m_k15_gat_euclidean_poolmean/version_4/checkpoints', therefore `best_model_score`, `kth_best_model_path`, `kth_value`, `last_model_path` and `best_k_models` won't be reloaded. Only `best_model_path` will be reloaded.
LOCAL_RANK: 0 - CUDA_VISIBLE_DEVICES: [0]

  | Name    | Type       | Params | Mode  | FLOPs
-------------------------------------------------------
0 | pre_fc  | MLP        | 393 K  | train | 0    
1 | graph_f | ModuleList | 262 K  | train | 0    
2 | node_g  | ModuleList | 263 K  | train | 0    
3 | fc      | MLP        | 10.3 K | train | 0    
-------------------------------------------------------
930 K     Trainable params
1         Non-trainable params
930 K     Total params
3.721     Total estimated model params size (MB)
16        Modules in train mode
0         Modules in eval mode
0         Total Flops
Restored all states from the checkpoint at ./logs_20news/cDGM_google-embeddinggemma-300m_k15_gat_euclidean_poolmean/version_1/checkpoints/last.ckpt
SLURM auto-requeueing enabled. Setting signal handlers.
/pfs/data6/home/ka/ka_stud/ka_ufszm/.cache/pypoetry/virtualenvs/gnns-tZ7_1okr-py3.11/lib/python3.11/site-packages/pytorch_lightning/utilities/_pytree.py:21: `isinstance(treespec, LeafSpec)` is deprecated, use `isinstance(treespec, TreeSpec) and treespec.is_leaf()` instead.
/pfs/data6/home/ka/ka_stud/ka_ufszm/.cache/pypoetry/virtualenvs/gnns-tZ7_1okr-py3.11/lib/python3.11/site-packages/pytorch_lightning/utilities/data.py:79: Trying to infer the `batch_size` from an ambiguous collection. The batch size we found is 32. To avoid any miscalculations, use `self.log(..., batch_size=batch_size)`.
Traceback (most recent call last):
  File "/pfs/data6/home/ka/ka_stud/ka_ufszm/project/gnns/src/gnns/train_v2.py", line 265, in <module>
    run_training_process(args)
  File "/pfs/data6/home/ka/ka_stud/ka_ufszm/project/gnns/src/gnns/train_v2.py", line 165, in run_training_process
    trainer.fit(model, datamodule=MyDataModule(),
  File "/pfs/data6/home/ka/ka_stud/ka_ufszm/.cache/pypoetry/virtualenvs/gnns-tZ7_1okr-py3.11/lib/python3.11/site-packages/pytorch_lightning/trainer/trainer.py", line 584, in fit
    call._call_and_handle_interrupt(
  File "/pfs/data6/home/ka/ka_stud/ka_ufszm/.cache/pypoetry/virtualenvs/gnns-tZ7_1okr-py3.11/lib/python3.11/site-packages/pytorch_lightning/trainer/call.py", line 49, in _call_and_handle_interrupt
    return trainer_fn(*args, **kwargs)
           ^^^^^^^^^^^^^^^^^^^^^^^^^^^
  File "/pfs/data6/home/ka/ka_stud/ka_ufszm/.cache/pypoetry/virtualenvs/gnns-tZ7_1okr-py3.11/lib/python3.11/site-packages/pytorch_lightning/trainer/trainer.py", line 630, in _fit_impl
    self._run(model, ckpt_path=ckpt_path, weights_only=weights_only)
  File "/pfs/data6/home/ka/ka_stud/ka_ufszm/.cache/pypoetry/virtualenvs/gnns-tZ7_1okr-py3.11/lib/python3.11/site-packages/pytorch_lightning/trainer/trainer.py", line 1079, in _run
    results = self._run_stage()
              ^^^^^^^^^^^^^^^^^
  File "/pfs/data6/home/ka/ka_stud/ka_ufszm/.cache/pypoetry/virtualenvs/gnns-tZ7_1okr-py3.11/lib/python3.11/site-packages/pytorch_lightning/trainer/trainer.py", line 1121, in _run_stage
    self._run_sanity_check()
  File "/pfs/data6/home/ka/ka_stud/ka_ufszm/.cache/pypoetry/virtualenvs/gnns-tZ7_1okr-py3.11/lib/python3.11/site-packages/pytorch_lightning/trainer/trainer.py", line 1150, in _run_sanity_check
    val_loop.run()
  File "/pfs/data6/home/ka/ka_stud/ka_ufszm/.cache/pypoetry/virtualenvs/gnns-tZ7_1okr-py3.11/lib/python3.11/site-packages/pytorch_lightning/loops/utilities.py", line 179, in _decorator
    return loop_run(self, *args, **kwargs)
           ^^^^^^^^^^^^^^^^^^^^^^^^^^^^^^^
  File "/pfs/data6/home/ka/ka_stud/ka_ufszm/.cache/pypoetry/virtualenvs/gnns-tZ7_1okr-py3.11/lib/python3.11/site-packages/pytorch_lightning/loops/evaluation_loop.py", line 146, in run
    self._evaluation_step(batch, batch_idx, dataloader_idx, dataloader_iter)
  File "/pfs/data6/home/ka/ka_stud/ka_ufszm/.cache/pypoetry/virtualenvs/gnns-tZ7_1okr-py3.11/lib/python3.11/site-packages/pytorch_lightning/loops/evaluation_loop.py", line 441, in _evaluation_step
    output = call._call_strategy_hook(trainer, hook_name, *step_args)
             ^^^^^^^^^^^^^^^^^^^^^^^^^^^^^^^^^^^^^^^^^^^^^^^^^^^^^^^^
  File "/pfs/data6/home/ka/ka_stud/ka_ufszm/.cache/pypoetry/virtualenvs/gnns-tZ7_1okr-py3.11/lib/python3.11/site-packages/pytorch_lightning/trainer/call.py", line 329, in _call_strategy_hook
    output = fn(*args, **kwargs)
             ^^^^^^^^^^^^^^^^^^^
  File "/pfs/data6/home/ka/ka_stud/ka_ufszm/.cache/pypoetry/virtualenvs/gnns-tZ7_1okr-py3.11/lib/python3.11/site-packages/pytorch_lightning/strategies/strategy.py", line 412, in validation_step
    return self.lightning_module.validation_step(*args, **kwargs)
           ^^^^^^^^^^^^^^^^^^^^^^^^^^^^^^^^^^^^^^^^^^^^^^^^^^^^^^
  File "/pfs/data6/home/ka/ka_stud/ka_ufszm/project/gnns/src/gnns/dgm/model_v2.py", line 223, in validation_step
    return self._eval_step(batch, batch_idx, 'val')
           ^^^^^^^^^^^^^^^^^^^^^^^^^^^^^^^^^^^^^^^^
  File "/pfs/data6/home/ka/ka_stud/ka_ufszm/project/gnns/src/gnns/dgm/model_v2.py", line 238, in _eval_step
    logits, _ = self(X, edge_index=None)
                ^^^^^^^^^^^^^^^^^^^^^^^^
  File "/pfs/data6/home/ka/ka_stud/ka_ufszm/.cache/pypoetry/virtualenvs/gnns-tZ7_1okr-py3.11/lib64/python3.11/site-packages/torch/nn/modules/module.py", line 1776, in _wrapped_call_impl
    return self._call_impl(*args, **kwargs)
           ^^^^^^^^^^^^^^^^^^^^^^^^^^^^^^^^
  File "/pfs/data6/home/ka/ka_stud/ka_ufszm/.cache/pypoetry/virtualenvs/gnns-tZ7_1okr-py3.11/lib64/python3.11/site-packages/torch/nn/modules/module.py", line 1787, in _call_impl
    return forward_call(*args, **kwargs)
           ^^^^^^^^^^^^^^^^^^^^^^^^^^^^^
  File "/pfs/data6/home/ka/ka_stud/ka_ufszm/project/gnns/src/gnns/dgm/model_v2.py", line 90, in forward
    graph_x, A_or_edge_index, logprobs = dgm(graph_x, edge_index)
                                         ^^^^^^^^^^^^^^^^^^^^^^^^
  File "/pfs/data6/home/ka/ka_stud/ka_ufszm/.cache/pypoetry/virtualenvs/gnns-tZ7_1okr-py3.11/lib64/python3.11/site-packages/torch/nn/modules/module.py", line 1776, in _wrapped_call_impl
    return self._call_impl(*args, **kwargs)
           ^^^^^^^^^^^^^^^^^^^^^^^^^^^^^^^^
  File "/pfs/data6/home/ka/ka_stud/ka_ufszm/.cache/pypoetry/virtualenvs/gnns-tZ7_1okr-py3.11/lib64/python3.11/site-packages/torch/nn/modules/module.py", line 1787, in _call_impl
    return forward_call(*args, **kwargs)
           ^^^^^^^^^^^^^^^^^^^^^^^^^^^^^
  File "/pfs/data6/home/ka/ka_stud/ka_ufszm/project/gnns/src/gnns/dgm/dgm_layers.py", line 85, in forward
    if not self.centroid:
RuntimeError: Boolean value of Tensor with more than one value is ambiguous
srun: error: uc2n561: task 0: Exited with exit code 1
