Loading 20newsgroups test data...
Processing document 0/7532...
Processing document 500/7532...
Processing document 1000/7532...
Processing document 1500/7532...
Processing document 2000/7532...
Processing document 2500/7532...
Processing document 3000/7532...
Processing document 3500/7532...
Processing document 4000/7532...
Processing document 4500/7532...
Processing document 5000/7532...
Processing document 5500/7532...
Processing document 6000/7532...
Processing document 6500/7532...
Processing document 7000/7532...
Processing document 7500/7532...

============================= JOB FEEDBACK =============================

NodeName=uc2n564
Job ID: 3143485
Cluster: uc3
User/Group: ka_ufszm/ka_stud
State: FAILED (exit code 1)
Nodes: 1
Cores per node: 16
CPU Utilized: 00:04:48
CPU Efficiency: 5.52% of 01:26:56 core-walltime
Job Wall-clock time: 00:05:26
Memory Utilized: 11.79 GB
Memory Efficiency: 9.47% of 124.51 GB (124.51 GB/node)
