GpuFreq=control_disabled
GPU available: True (cuda), used: True
TPU available: False, using: 0 TPU cores
You are using a CUDA device ('NVIDIA A100-PCIE-40GB') that has Tensor Cores. To properly utilize them, you should set `torch.set_float32_matmul_precision('medium' | 'high')` which will trade-off precision for performance. For more details, read https://pytorch.org/docs/stable/generated/torch.set_float32_matmul_precision.html#torch.set_float32_matmul_precision
LOCAL_RANK: 0 - CUDA_VISIBLE_DEVICES: [0]

  | Name    | Type       | Params | Mode  | FLOPs
-------------------------------------------------------
0 | pre_fc  | MLP        | 393 K  | train | 0    
1 | graph_f | ModuleList | 262 K  | train | 0    
2 | node_g  | ModuleList | 263 K  | train | 0    
3 | fc      | MLP        | 10.3 K | train | 0    
-------------------------------------------------------
930 K     Trainable params
0         Non-trainable params
930 K     Total params
3.721     Total estimated model params size (MB)
16        Modules in train mode
0         Modules in eval mode
0         Total Flops
SLURM auto-requeueing enabled. Setting signal handlers.
/pfs/data6/home/ka/ka_stud/ka_ufszm/.cache/pypoetry/virtualenvs/gnns-tZ7_1okr-py3.11/lib/python3.11/site-packages/pytorch_lightning/utilities/_pytree.py:21: `isinstance(treespec, LeafSpec)` is deprecated, use `isinstance(treespec, TreeSpec) and treespec.is_leaf()` instead.
/pfs/data6/home/ka/ka_stud/ka_ufszm/.cache/pypoetry/virtualenvs/gnns-tZ7_1okr-py3.11/lib/python3.11/site-packages/pytorch_lightning/utilities/data.py:79: Trying to infer the `batch_size` from an ambiguous collection. The batch size we found is 32. To avoid any miscalculations, use `self.log(..., batch_size=batch_size)`.
/pfs/data6/home/ka/ka_stud/ka_ufszm/.cache/pypoetry/virtualenvs/gnns-tZ7_1okr-py3.11/lib/python3.11/site-packages/pytorch_lightning/utilities/data.py:79: Trying to infer the `batch_size` from an ambiguous collection. The batch size we found is 23. To avoid any miscalculations, use `self.log(..., batch_size=batch_size)`.
Metric val_acc improved. New best score: 72.249
Epoch 0, global step 283: 'val_loss' reached 0.96971 (best 0.96971), saving model to './logs_20news/dDGM_google-embeddinggemma-300m_k15_gat_euclidean_poolmean/version_7/checkpoints/epoch=0-step=283.ckpt' as top 1
srun: Job step aborted: Waiting up to 32 seconds for job step to finish.
slurmstepd: error: *** JOB 3143288 ON uc2n564 CANCELLED AT 2026-02-08T23:41:31 ***
slurmstepd: error: *** STEP 3143288.0 ON uc2n564 CANCELLED AT 2026-02-08T23:41:31 ***
[rank: 0] Received SIGTERM: 15
Bypassing SIGTERM: 15
