Loading MRD test data...
[ Max seq length: 2603 ]
[ Min seq length: 9 ]
[ Mean seq length: 429 ]
[ Train: 3003, Dev: 1001, Test: 1002 ]
Loaded 1002 test instances
Processing document 0/1002...
Processing document 500/1002...
Processing document 1000/1002...

=== Sample 0 ===
True: 0.5 | Pred: 0
Num nodes: 512
Adjacency stats: min=0.000, max=0.881, mean=0.675
Graph: 512 nodes, 103305 edges (threshold=0.5)
Top hubs: [('▁he', 463), ('▁his', 463), ('▁i', 462), ('▁classic', 462), ('▁world', 462), ('▁team', 461), ('▁,', 461), ('▁see', 461), ('▁part', 460), ('▁his', 460)]

============================= JOB FEEDBACK =============================

NodeName=uc2n566
Job ID: 3143550
Cluster: uc3
User/Group: ka_ufszm/ka_stud
State: FAILED (exit code 1)
Nodes: 1
Cores per node: 16
CPU Utilized: 00:01:04
CPU Efficiency: 3.05% of 00:34:56 core-walltime
Job Wall-clock time: 00:02:11
Memory Utilized: 2.98 GB
Memory Efficiency: 2.39% of 124.51 GB (124.51 GB/node)
