Loading MRD test data...
[ Max seq length: 2603 ]
[ Min seq length: 9 ]
[ Mean seq length: 429 ]
[ Train: 3003, Dev: 1001, Test: 1002 ]
Loaded 1002 test instances
Processing document 0/1002...
Processing document 500/1002...
Processing document 1000/1002...

=== Sample 0 ===

============================= JOB FEEDBACK =============================

NodeName=uc2n564
Job ID: 3143540
Cluster: uc3
User/Group: ka_ufszm/ka_stud
State: FAILED (exit code 1)
Nodes: 1
Cores per node: 16
CPU Utilized: 00:01:01
CPU Efficiency: 3.81% of 00:26:40 core-walltime
Job Wall-clock time: 00:01:40
Memory Utilized: 2.64 GB
Memory Efficiency: 2.12% of 124.51 GB (124.51 GB/node)
